hwinfo --cpu --short
cpu:                                                            
                       Intel(R) Xeon(R) Gold 6258R CPU @ 2.70GHz, 1000 MHz
                       Intel(R) Xeon(R) Gold 6258R CPU @ 2.70GHz, 1000 MHz
                       Intel(R) Xeon(R) Gold 6258R CPU @ 2.70GHz, 3700 MHz
                       Intel(R) Xeon(R) Gold 6258R CPU @ 2.70GHz, 3891 MHz
                       Intel(R) Xeon(R) Gold 6258R CPU @ 2.70GHz, 3703 MHz
                       Intel(R) Xeon(R) Gold 6258R CPU @ 2.70GHz, 1000 MHz
                       Intel(R) Xeon(R) Gold 6258R CPU @ 2.70GHz, 1000 MHz
                       Intel(R) Xeon(R) Gold 6258R CPU @ 2.70GHz, 1000 MHz
                       Intel(R) Xeon(R) Gold 6258R CPU @ 2.70GHz, 1000 MHz
                       Intel(R) Xeon(R) Gold 6258R CPU @ 2.70GHz, 1000 MHz
                       Intel(R) Xeon(R) Gold 6258R CPU @ 2.70GHz, 1000 MHz
                       Intel(R) Xeon(R) Gold 6258R CPU @ 2.70GHz, 1000 MHz
                       Intel(R) Xeon(R) Gold 6258R CPU @ 2.70GHz, 3696 MHz
                       Intel(R) Xeon(R) Gold 6258R CPU @ 2.70GHz, 1000 MHz
                       Intel(R) Xeon(R) Gold 6258R CPU @ 2.70GHz, 3703 MHz
                       Intel(R) Xeon(R) Gold 6258R CPU @ 2.70GHz, 1000 MHz
                       Intel(R) Xeon(R) Gold 6258R CPU @ 2.70GHz, 1000 MHz
                       Intel(R) Xeon(R) Gold 6258R CPU @ 2.70GHz, 1000 MHz
                       Intel(R) Xeon(R) Gold 6258R CPU @ 2.70GHz, 1000 MHz
                       Intel(R) Xeon(R) Gold 6258R CPU @ 2.70GHz, 1000 MHz
                       Intel(R) Xeon(R) Gold 6258R CPU @ 2.70GHz, 1000 MHz
                       Intel(R) Xeon(R) Gold 6258R CPU @ 2.70GHz, 1000 MHz
                       Intel(R) Xeon(R) Gold 6258R CPU @ 2.70GHz, 1000 MHz
                       Intel(R) Xeon(R) Gold 6258R CPU @ 2.70GHz, 1000 MHz
                       Intel(R) Xeon(R) Gold 6258R CPU @ 2.70GHz, 1000 MHz
                       Intel(R) Xeon(R) Gold 6258R CPU @ 2.70GHz, 1000 MHz
                       Intel(R) Xeon(R) Gold 6258R CPU @ 2.70GHz, 1000 MHz
                       Intel(R) Xeon(R) Gold 6258R CPU @ 2.70GHz, 1000 MHz
                       Intel(R) Xeon(R) Gold 6258R CPU @ 2.70GHz, 1000 MHz
                       Intel(R) Xeon(R) Gold 6258R CPU @ 2.70GHz, 1000 MHz
                       Intel(R) Xeon(R) Gold 6258R CPU @ 2.70GHz, 1000 MHz
                       Intel(R) Xeon(R) Gold 6258R CPU @ 2.70GHz, 1000 MHz
                       Intel(R) Xeon(R) Gold 6258R CPU @ 2.70GHz, 1000 MHz
                       Intel(R) Xeon(R) Gold 6258R CPU @ 2.70GHz, 1000 MHz
                       Intel(R) Xeon(R) Gold 6258R CPU @ 2.70GHz, 1000 MHz
                       Intel(R) Xeon(R) Gold 6258R CPU @ 2.70GHz, 1000 MHz
                       Intel(R) Xeon(R) Gold 6258R CPU @ 2.70GHz, 1000 MHz
                       Intel(R) Xeon(R) Gold 6258R CPU @ 2.70GHz, 1000 MHz
                       Intel(R) Xeon(R) Gold 6258R CPU @ 2.70GHz, 3703 MHz
                       Intel(R) Xeon(R) Gold 6258R CPU @ 2.70GHz, 1000 MHz
                       Intel(R) Xeon(R) Gold 6258R CPU @ 2.70GHz, 1000 MHz
                       Intel(R) Xeon(R) Gold 6258R CPU @ 2.70GHz, 1000 MHz
                       Intel(R) Xeon(R) Gold 6258R CPU @ 2.70GHz, 1000 MHz
                       Intel(R) Xeon(R) Gold 6258R CPU @ 2.70GHz, 1000 MHz
                       Intel(R) Xeon(R) Gold 6258R CPU @ 2.70GHz, 1000 MHz
                       Intel(R) Xeon(R) Gold 6258R CPU @ 2.70GHz, 1000 MHz
                       Intel(R) Xeon(R) Gold 6258R CPU @ 2.70GHz, 1000 MHz
                       Intel(R) Xeon(R) Gold 6258R CPU @ 2.70GHz, 1000 MHz
                       Intel(R) Xeon(R) Gold 6258R CPU @ 2.70GHz, 1000 MHz
                       Intel(R) Xeon(R) Gold 6258R CPU @ 2.70GHz, 1000 MHz
                       Intel(R) Xeon(R) Gold 6258R CPU @ 2.70GHz, 1000 MHz
                       Intel(R) Xeon(R) Gold 6258R CPU @ 2.70GHz, 1000 MHz
                       Intel(R) Xeon(R) Gold 6258R CPU @ 2.70GHz, 1000 MHz
                       Intel(R) Xeon(R) Gold 6258R CPU @ 2.70GHz, 1000 MHz
                       Intel(R) Xeon(R) Gold 6258R CPU @ 2.70GHz, 1000 MHz
                       Intel(R) Xeon(R) Gold 6258R CPU @ 2.70GHz, 1000 MHz
                       Intel(R) Xeon(R) Gold 6258R CPU @ 2.70GHz, 1000 MHz
                       Intel(R) Xeon(R) Gold 6258R CPU @ 2.70GHz, 1000 MHz
                       Intel(R) Xeon(R) Gold 6258R CPU @ 2.70GHz, 3700 MHz
                       Intel(R) Xeon(R) Gold 6258R CPU @ 2.70GHz, 3705 MHz
                       Intel(R) Xeon(R) Gold 6258R CPU @ 2.70GHz, 3696 MHz
                       Intel(R) Xeon(R) Gold 6258R CPU @ 2.70GHz, 1000 MHz
                       Intel(R) Xeon(R) Gold 6258R CPU @ 2.70GHz, 1000 MHz
                       Intel(R) Xeon(R) Gold 6258R CPU @ 2.70GHz, 1000 MHz
                       Intel(R) Xeon(R) Gold 6258R CPU @ 2.70GHz, 1000 MHz
                       Intel(R) Xeon(R) Gold 6258R CPU @ 2.70GHz, 1000 MHz
                       Intel(R) Xeon(R) Gold 6258R CPU @ 2.70GHz, 1000 MHz
                       Intel(R) Xeon(R) Gold 6258R CPU @ 2.70GHz, 1000 MHz
                       Intel(R) Xeon(R) Gold 6258R CPU @ 2.70GHz, 3343 MHz
                       Intel(R) Xeon(R) Gold 6258R CPU @ 2.70GHz, 1000 MHz
                       Intel(R) Xeon(R) Gold 6258R CPU @ 2.70GHz, 3691 MHz
                       Intel(R) Xeon(R) Gold 6258R CPU @ 2.70GHz, 1000 MHz
                       Intel(R) Xeon(R) Gold 6258R CPU @ 2.70GHz, 1000 MHz
                       Intel(R) Xeon(R) Gold 6258R CPU @ 2.70GHz, 1000 MHz
                       Intel(R) Xeon(R) Gold 6258R CPU @ 2.70GHz, 1000 MHz
                       Intel(R) Xeon(R) Gold 6258R CPU @ 2.70GHz, 1000 MHz
                       Intel(R) Xeon(R) Gold 6258R CPU @ 2.70GHz, 1000 MHz
                       Intel(R) Xeon(R) Gold 6258R CPU @ 2.70GHz, 1000 MHz
                       Intel(R) Xeon(R) Gold 6258R CPU @ 2.70GHz, 1000 MHz
                       Intel(R) Xeon(R) Gold 6258R CPU @ 2.70GHz, 1000 MHz
                       Intel(R) Xeon(R) Gold 6258R CPU @ 2.70GHz, 1000 MHz
                       Intel(R) Xeon(R) Gold 6258R CPU @ 2.70GHz, 1000 MHz
                       Intel(R) Xeon(R) Gold 6258R CPU @ 2.70GHz, 1000 MHz
                       Intel(R) Xeon(R) Gold 6258R CPU @ 2.70GHz, 1000 MHz
                       Intel(R) Xeon(R) Gold 6258R CPU @ 2.70GHz, 1000 MHz
                       Intel(R) Xeon(R) Gold 6258R CPU @ 2.70GHz, 1000 MHz
                       Intel(R) Xeon(R) Gold 6258R CPU @ 2.70GHz, 1000 MHz
                       Intel(R) Xeon(R) Gold 6258R CPU @ 2.70GHz, 1000 MHz
                       Intel(R) Xeon(R) Gold 6258R CPU @ 2.70GHz, 1000 MHz
                       Intel(R) Xeon(R) Gold 6258R CPU @ 2.70GHz, 1000 MHz
                       Intel(R) Xeon(R) Gold 6258R CPU @ 2.70GHz, 1000 MHz
                       Intel(R) Xeon(R) Gold 6258R CPU @ 2.70GHz, 1000 MHz
                       Intel(R) Xeon(R) Gold 6258R CPU @ 2.70GHz, 1000 MHz
                       Intel(R) Xeon(R) Gold 6258R CPU @ 2.70GHz, 1000 MHz
                       Intel(R) Xeon(R) Gold 6258R CPU @ 2.70GHz, 3703 MHz
                       Intel(R) Xeon(R) Gold 6258R CPU @ 2.70GHz, 1000 MHz
                       Intel(R) Xeon(R) Gold 6258R CPU @ 2.70GHz, 1000 MHz
                       Intel(R) Xeon(R) Gold 6258R CPU @ 2.70GHz, 1000 MHz
                       Intel(R) Xeon(R) Gold 6258R CPU @ 2.70GHz, 1000 MHz
                       Intel(R) Xeon(R) Gold 6258R CPU @ 2.70GHz, 1000 MHz
                       Intel(R) Xeon(R) Gold 6258R CPU @ 2.70GHz, 1000 MHz
                       Intel(R) Xeon(R) Gold 6258R CPU @ 2.70GHz, 1000 MHz
                       Intel(R) Xeon(R) Gold 6258R CPU @ 2.70GHz, 1000 MHz
                       Intel(R) Xeon(R) Gold 6258R CPU @ 2.70GHz, 1000 MHz
                       Intel(R) Xeon(R) Gold 6258R CPU @ 2.70GHz, 1000 MHz
                       Intel(R) Xeon(R) Gold 6258R CPU @ 2.70GHz, 1000 MHz
                       Intel(R) Xeon(R) Gold 6258R CPU @ 2.70GHz, 1000 MHz
                       Intel(R) Xeon(R) Gold 6258R CPU @ 2.70GHz, 1000 MHz
                       Intel(R) Xeon(R) Gold 6258R CPU @ 2.70GHz, 1000 MHz
                       Intel(R) Xeon(R) Gold 6258R CPU @ 2.70GHz, 1000 MHz
                       Intel(R) Xeon(R) Gold 6258R CPU @ 2.70GHz, 1000 MHz
                       Intel(R) Xeon(R) Gold 6258R CPU @ 2.70GHz, 1000 MHz

free
              total        used        free      shared  buff/cache   available
Mem:     1055858932     1624052  1049526544       18540     4708336  1049776304

index: 0, jdk: jdk1.6.0_45, java_version: 1.6, jmh_version: 1.6.3, use_profiler: false, mvn_path: apache-maven-3.2.5

-------------------------------------------------------
 T E S T S
-------------------------------------------------------
Running benchmarks.SynchronizationBenchmarkTest
# JMH 1.6.3 (released 2405 days ago, please consider updating!)
# VM invoker: /opt/jdk/oracle/jdk1.6.0_45/jre/bin/java
# VM options: -Xms10G -Xmx10G -XX:+UseParallelGC
# Warmup: 3 iterations, 10 s each
# Measurement: 30 iterations, 10 s each
# Timeout: 10 min per iteration
# Threads: 1 thread, will synchronize iterations
# Benchmark mode: Throughput, ops/time
# Benchmark: benchmarks.SynchronizationBenchmarkTest.testAtomic
# Parameters: (threadCount = 1)

# Run progress: 0.00% complete, ETA 00:16:30
# Fork: 1 of 1
# Warmup Iteration   1: 116492670.221 ops/s
# Warmup Iteration   2: 117557968.491 ops/s
# Warmup Iteration   3: 116765414.554 ops/s
Iteration   1: 116528265.027 ops/s
Iteration   2: 115801327.018 ops/s
Iteration   3: 116098820.596 ops/s
Iteration   4: 117170243.327 ops/s
Iteration   5: 116458600.519 ops/s
Iteration   6: 116765903.949 ops/s
Iteration   7: 116984520.259 ops/s
Iteration   8: 115853971.606 ops/s
Iteration   9: 116450229.091 ops/s
Iteration  10: 117255262.162 ops/s
Iteration  11: 115951567.405 ops/s
Iteration  12: 115937056.316 ops/s
Iteration  13: 117010402.295 ops/s
Iteration  14: 116458226.570 ops/s
Iteration  15: 116814521.685 ops/s
Iteration  16: 116648897.282 ops/s
Iteration  17: 117187950.222 ops/s
Iteration  18: 117270890.757 ops/s
Iteration  19: 116115033.411 ops/s
Iteration  20: 116312043.017 ops/s
Iteration  21: 116762986.436 ops/s
Iteration  22: 115847828.759 ops/s
Iteration  23: 116976059.346 ops/s
Iteration  24: 115959078.168 ops/s
Iteration  25: 116300152.711 ops/s
Iteration  26: 116757635.648 ops/s
Iteration  27: 117047037.344 ops/s
Iteration  28: 117276964.935 ops/s
Iteration  29: 116918756.292 ops/s
Iteration  30: 117135073.448 ops/s


Result: 116601843.520 ±(99.9%) 326815.849 ops/s [Average]
  Statistics: (min, avg, max) = (115801327.018, 116601843.520, 117276964.935), stdev = 489162.614
  Confidence interval (99.9%): [116275027.671, 116928659.369]


# JMH 1.6.3 (released 2405 days ago, please consider updating!)
# VM invoker: /opt/jdk/oracle/jdk1.6.0_45/jre/bin/java
# VM options: -Xms10G -Xmx10G -XX:+UseParallelGC
# Warmup: 3 iterations, 10 s each
# Measurement: 30 iterations, 10 s each
# Timeout: 10 min per iteration
# Threads: 1 thread, will synchronize iterations
# Benchmark mode: Throughput, ops/time
# Benchmark: benchmarks.SynchronizationBenchmarkTest.testNonVolatileNumber
# Parameters: (threadCount = 1)

# Run progress: 33.33% complete, ETA 00:11:00
# Fork: 1 of 1
# Warmup Iteration   1: 51297602.957 ops/s
# Warmup Iteration   2: 51456478.753 ops/s
# Warmup Iteration   3: 51816283.047 ops/s
Iteration   1: 51473092.622 ops/s
Iteration   2: 51689667.149 ops/s
Iteration   3: 51275074.212 ops/s
Iteration   4: 51608076.866 ops/s
Iteration   5: 51673606.052 ops/s
Iteration   6: 51506170.083 ops/s
Iteration   7: 51572140.008 ops/s
Iteration   8: 51699671.784 ops/s
Iteration   9: 51513146.728 ops/s
Iteration  10: 51856871.214 ops/s
Iteration  11: 51627650.138 ops/s
Iteration  12: 51469925.056 ops/s
Iteration  13: 51723498.347 ops/s
Iteration  14: 51635174.997 ops/s
Iteration  15: 51666365.267 ops/s
Iteration  16: 51896574.245 ops/s
Iteration  17: 51639978.882 ops/s
Iteration  18: 51504884.726 ops/s
Iteration  19: 51755251.005 ops/s
Iteration  20: 51648852.574 ops/s
Iteration  21: 51403216.853 ops/s
Iteration  22: 51584152.114 ops/s
Iteration  23: 51920758.034 ops/s
Iteration  24: 51629311.102 ops/s
Iteration  25: 51618835.695 ops/s
Iteration  26: 51516962.471 ops/s
Iteration  27: 51115745.045 ops/s
Iteration  28: 51866716.108 ops/s
Iteration  29: 51730662.775 ops/s
Iteration  30: 51872169.520 ops/s


Result: 51623140.056 ±(99.9%) 119168.085 ops/s [Average]
  Statistics: (min, avg, max) = (51115745.045, 51623140.056, 51920758.034), stdev = 178365.192
  Confidence interval (99.9%): [51503971.971, 51742308.140]


# JMH 1.6.3 (released 2405 days ago, please consider updating!)
# VM invoker: /opt/jdk/oracle/jdk1.6.0_45/jre/bin/java
# VM options: -Xms10G -Xmx10G -XX:+UseParallelGC
# Warmup: 3 iterations, 10 s each
# Measurement: 30 iterations, 10 s each
# Timeout: 10 min per iteration
# Threads: 1 thread, will synchronize iterations
# Benchmark mode: Throughput, ops/time
# Benchmark: benchmarks.SynchronizationBenchmarkTest.testVolatile
# Parameters: (threadCount = 1)

# Run progress: 66.67% complete, ETA 00:05:30
# Fork: 1 of 1
# Warmup Iteration   1: 43209382.804 ops/s
# Warmup Iteration   2: 43464271.161 ops/s
# Warmup Iteration   3: 44009797.702 ops/s
Iteration   1: 43648720.905 ops/s
Iteration   2: 43704573.710 ops/s
Iteration   3: 43885030.673 ops/s
Iteration   4: 43488606.748 ops/s
Iteration   5: 43796855.631 ops/s
Iteration   6: 43656286.781 ops/s
Iteration   7: 43623582.481 ops/s
Iteration   8: 43498531.927 ops/s
Iteration   9: 43629520.933 ops/s
Iteration  10: 43901160.472 ops/s
Iteration  11: 43526818.475 ops/s
Iteration  12: 43752822.959 ops/s
Iteration  13: 43661770.810 ops/s
Iteration  14: 43876746.049 ops/s
Iteration  15: 43888280.221 ops/s
Iteration  16: 43765195.622 ops/s
Iteration  17: 43720641.202 ops/s
Iteration  18: 43647095.474 ops/s
Iteration  19: 43798651.214 ops/s
Iteration  20: 43462733.158 ops/s
Iteration  21: 43886002.963 ops/s
Iteration  22: 43516769.028 ops/s
Iteration  23: 43637387.145 ops/s
Iteration  24: 43811824.687 ops/s
Iteration  25: 43658970.446 ops/s
Iteration  26: 43938976.359 ops/s
Iteration  27: 43688605.565 ops/s
Iteration  28: 43507098.862 ops/s
Iteration  29: 43800429.746 ops/s
Iteration  30: 43880288.638 ops/s


Result: 43708665.963 ±(99.9%) 94504.134 ops/s [Average]
  Statistics: (min, avg, max) = (43462733.158, 43708665.963, 43938976.359), stdev = 141449.350
  Confidence interval (99.9%): [43614161.828, 43803170.097]


# Run complete. Total time: 00:16:30

Benchmark                                           (threadCount)   Mode  Cnt          Score        Error  Units
SynchronizationBenchmarkTest.testAtomic                         1  thrpt   30  116601843.520 ± 326815.849  ops/s
SynchronizationBenchmarkTest.testNonVolatileNumber              1  thrpt   30   51623140.056 ± 119168.085  ops/s
SynchronizationBenchmarkTest.testVolatile                       1  thrpt   30   43708665.963 ±  94504.134  ops/s

Benchmark result is saved to results/result_Java__HotSpot(TM)__64-Bit__Server__VM_1.6__1.6.0_45-b06_tc1.csv
# JMH 1.6.3 (released 2405 days ago, please consider updating!)
# VM invoker: /opt/jdk/oracle/jdk1.6.0_45/jre/bin/java
# VM options: -Xms10G -Xmx10G -XX:+UseParallelGC
# Warmup: 3 iterations, 10 s each
# Measurement: 30 iterations, 10 s each
# Timeout: 10 min per iteration
# Threads: 8 threads, will synchronize iterations
# Benchmark mode: Throughput, ops/time
# Benchmark: benchmarks.SynchronizationBenchmarkTest.testAtomic
# Parameters: (threadCount = 8)

# Run progress: 0.00% complete, ETA 00:16:30
# Fork: 1 of 1
# Warmup Iteration   1: 15389614.673 ops/s
# Warmup Iteration   2: 14583735.552 ops/s
# Warmup Iteration   3: 14413374.262 ops/s
Iteration   1: 14426800.158 ops/s
Iteration   2: 14461474.415 ops/s
Iteration   3: 14445983.344 ops/s
Iteration   4: 14543792.314 ops/s
Iteration   5: 14531696.458 ops/s
Iteration   6: 14533208.160 ops/s
Iteration   7: 14530223.866 ops/s
Iteration   8: 14529972.404 ops/s
Iteration   9: 14552174.069 ops/s
Iteration  10: 14539499.486 ops/s
Iteration  11: 14483957.320 ops/s
Iteration  12: 14458000.584 ops/s
Iteration  13: 14469551.795 ops/s
Iteration  14: 14460407.938 ops/s
Iteration  15: 14448367.244 ops/s
Iteration  16: 14446772.116 ops/s
Iteration  17: 14458809.207 ops/s
Iteration  18: 14474591.401 ops/s
Iteration  19: 14452330.865 ops/s
Iteration  20: 14454440.089 ops/s
Iteration  21: 14452465.106 ops/s
Iteration  22: 14447873.511 ops/s
Iteration  23: 14452828.960 ops/s
Iteration  24: 14448050.285 ops/s
Iteration  25: 14443965.042 ops/s
Iteration  26: 14456732.931 ops/s
Iteration  27: 14453195.792 ops/s
Iteration  28: 14443412.538 ops/s
Iteration  29: 14446327.789 ops/s
Iteration  30: 14464306.138 ops/s


Result: 14473707.044 ±(99.9%) 24907.684 ops/s [Average]
  Statistics: (min, avg, max) = (14426800.158, 14473707.044, 14552174.069), stdev = 37280.652
  Confidence interval (99.9%): [14448799.360, 14498614.728]


# JMH 1.6.3 (released 2405 days ago, please consider updating!)
# VM invoker: /opt/jdk/oracle/jdk1.6.0_45/jre/bin/java
# VM options: -Xms10G -Xmx10G -XX:+UseParallelGC
# Warmup: 3 iterations, 10 s each
# Measurement: 30 iterations, 10 s each
# Timeout: 10 min per iteration
# Threads: 8 threads, will synchronize iterations
# Benchmark mode: Throughput, ops/time
# Benchmark: benchmarks.SynchronizationBenchmarkTest.testNonVolatileNumber
# Parameters: (threadCount = 8)

# Run progress: 33.33% complete, ETA 00:11:00
# Fork: 1 of 1
# Warmup Iteration   1: 4468839.184 ops/s
# Warmup Iteration   2: 4469047.485 ops/s
# Warmup Iteration   3: 4261493.960 ops/s
Iteration   1: 4257664.452 ops/s
Iteration   2: 4361055.926 ops/s
Iteration   3: 4465198.692 ops/s
Iteration   4: 4552790.751 ops/s
Iteration   5: 4530031.736 ops/s
Iteration   6: 3979267.965 ops/s
Iteration   7: 4477045.813 ops/s
Iteration   8: 4466131.760 ops/s
Iteration   9: 4406444.412 ops/s
Iteration  10: 4404131.753 ops/s
Iteration  11: 4511430.648 ops/s
Iteration  12: 4496080.957 ops/s
Iteration  13: 4418753.827 ops/s
Iteration  14: 4375348.035 ops/s
Iteration  15: 4421230.246 ops/s
Iteration  16: 4214807.259 ops/s
Iteration  17: 4182293.869 ops/s
Iteration  18: 4149087.995 ops/s
Iteration  19: 4177813.047 ops/s
Iteration  20: 4170857.847 ops/s
Iteration  21: 4150552.778 ops/s
Iteration  22: 4087901.022 ops/s
Iteration  23: 4082377.600 ops/s
Iteration  24: 4332579.582 ops/s
Iteration  25: 4368057.534 ops/s
Iteration  26: 4398627.812 ops/s
Iteration  27: 4407200.564 ops/s
Iteration  28: 4440644.908 ops/s
Iteration  29: 4393326.203 ops/s
Iteration  30: 4356425.304 ops/s


Result: 4334505.343 ±(99.9%) 101118.025 ops/s [Average]
  Statistics: (min, avg, max) = (3979267.965, 4334505.343, 4552790.751), stdev = 151348.712
  Confidence interval (99.9%): [4233387.318, 4435623.369]


# JMH 1.6.3 (released 2405 days ago, please consider updating!)
# VM invoker: /opt/jdk/oracle/jdk1.6.0_45/jre/bin/java
# VM options: -Xms10G -Xmx10G -XX:+UseParallelGC
# Warmup: 3 iterations, 10 s each
# Measurement: 30 iterations, 10 s each
# Timeout: 10 min per iteration
# Threads: 8 threads, will synchronize iterations
# Benchmark mode: Throughput, ops/time
# Benchmark: benchmarks.SynchronizationBenchmarkTest.testVolatile
# Parameters: (threadCount = 8)

# Run progress: 66.67% complete, ETA 00:05:30
# Fork: 1 of 1
# Warmup Iteration   1: 4329311.009 ops/s
# Warmup Iteration   2: 3708637.767 ops/s
# Warmup Iteration   3: 4073903.873 ops/s
Iteration   1: 3943210.185 ops/s
Iteration   2: 3938537.084 ops/s
Iteration   3: 4051900.878 ops/s
Iteration   4: 4114758.691 ops/s
Iteration   5: 4463870.702 ops/s
Iteration   6: 4048322.282 ops/s
Iteration   7: 3979035.680 ops/s
Iteration   8: 4061070.631 ops/s
Iteration   9: 4374087.147 ops/s
Iteration  10: 4206673.043 ops/s
Iteration  11: 3518522.449 ops/s
Iteration  12: 3517513.798 ops/s
Iteration  13: 3478176.910 ops/s
Iteration  14: 3570905.496 ops/s
Iteration  15: 3605362.887 ops/s
Iteration  16: 3627147.027 ops/s
Iteration  17: 4100802.442 ops/s
Iteration  18: 4570871.788 ops/s
Iteration  19: 4517670.204 ops/s
Iteration  20: 4420858.619 ops/s
Iteration  21: 4423648.040 ops/s
Iteration  22: 4364113.961 ops/s
Iteration  23: 4287025.623 ops/s
Iteration  24: 4316288.996 ops/s
Iteration  25: 4324795.144 ops/s
Iteration  26: 4307280.216 ops/s
Iteration  27: 4330929.129 ops/s
Iteration  28: 4311901.520 ops/s
Iteration  29: 4322749.234 ops/s
Iteration  30: 4311150.187 ops/s


Result: 4113639.333 ±(99.9%) 219806.285 ops/s [Average]
  Statistics: (min, avg, max) = (3478176.910, 4113639.333, 4570871.788), stdev = 328995.724
  Confidence interval (99.9%): [3893833.048, 4333445.618]


# Run complete. Total time: 00:16:30

Benchmark                                           (threadCount)   Mode  Cnt         Score        Error  Units
SynchronizationBenchmarkTest.testAtomic                         8  thrpt   30  14473707.044 ±  24907.684  ops/s
SynchronizationBenchmarkTest.testNonVolatileNumber              8  thrpt   30   4334505.343 ± 101118.025  ops/s
SynchronizationBenchmarkTest.testVolatile                       8  thrpt   30   4113639.333 ± 219806.285  ops/s

Benchmark result is saved to results/result_Java__HotSpot(TM)__64-Bit__Server__VM_1.6__1.6.0_45-b06_tc8.csv
Tests run: 1, Failures: 0, Errors: 0, Skipped: 0, Time elapsed: 1,981.511 sec


index: 1, jdk: jdk1.7.0_80, java_version: 1.7, jmh_version: 1.6.3, use_profiler: false, mvn_path: apache-maven-3.3.1

-------------------------------------------------------
 T E S T S
-------------------------------------------------------
Running benchmarks.SynchronizationBenchmarkTest
# JMH 1.6.3 (released 2405 days ago, please consider updating!)
# VM invoker: /opt/jdk/oracle/jdk1.7.0_80/jre/bin/java
# VM options: -Xms10G -Xmx10G -XX:+UseParallelGC
# Warmup: 3 iterations, 10 s each
# Measurement: 30 iterations, 10 s each
# Timeout: 10 min per iteration
# Threads: 1 thread, will synchronize iterations
# Benchmark mode: Throughput, ops/time
# Benchmark: benchmarks.SynchronizationBenchmarkTest.testAtomic
# Parameters: (threadCount = 1)

# Run progress: 0.00% complete, ETA 00:16:30
# Fork: 1 of 1
# Warmup Iteration   1: 112573982.158 ops/s
# Warmup Iteration   2: 112936630.036 ops/s
# Warmup Iteration   3: 115659114.118 ops/s
Iteration   1: 116483807.699 ops/s
Iteration   2: 116330918.790 ops/s
Iteration   3: 116193160.861 ops/s
Iteration   4: 116465521.830 ops/s
Iteration   5: 116006382.546 ops/s
Iteration   6: 116098064.918 ops/s
Iteration   7: 116701333.059 ops/s
Iteration   8: 116936931.194 ops/s
Iteration   9: 115712565.646 ops/s
Iteration  10: 115983158.933 ops/s
Iteration  11: 116415511.495 ops/s
Iteration  12: 116445560.300 ops/s
Iteration  13: 115980216.597 ops/s
Iteration  14: 116264010.654 ops/s
Iteration  15: 115436122.264 ops/s
Iteration  16: 115588624.300 ops/s
Iteration  17: 116114681.143 ops/s
Iteration  18: 115997947.381 ops/s
Iteration  19: 115260180.322 ops/s
Iteration  20: 116804790.999 ops/s
Iteration  21: 116163925.712 ops/s
Iteration  22: 115742662.504 ops/s
Iteration  23: 116163333.154 ops/s
Iteration  24: 116340868.672 ops/s
Iteration  25: 116513250.777 ops/s
Iteration  26: 115736933.585 ops/s
Iteration  27: 116127430.933 ops/s
Iteration  28: 115745599.713 ops/s
Iteration  29: 117173306.196 ops/s
Iteration  30: 116053821.200 ops/s


Result: 116166020.779 ±(99.9%) 288267.563 ops/s [Average]
  Statistics: (min, avg, max) = (115260180.322, 116166020.779, 117173306.196), stdev = 431465.350
  Confidence interval (99.9%): [115877753.216, 116454288.342]


# JMH 1.6.3 (released 2405 days ago, please consider updating!)
# VM invoker: /opt/jdk/oracle/jdk1.7.0_80/jre/bin/java
# VM options: -Xms10G -Xmx10G -XX:+UseParallelGC
# Warmup: 3 iterations, 10 s each
# Measurement: 30 iterations, 10 s each
# Timeout: 10 min per iteration
# Threads: 1 thread, will synchronize iterations
# Benchmark mode: Throughput, ops/time
# Benchmark: benchmarks.SynchronizationBenchmarkTest.testNonVolatileNumber
# Parameters: (threadCount = 1)

# Run progress: 33.33% complete, ETA 00:11:00
# Fork: 1 of 1
# Warmup Iteration   1: 51269099.639 ops/s
# Warmup Iteration   2: 50212593.468 ops/s
# Warmup Iteration   3: 51206768.367 ops/s
Iteration   1: 51759528.308 ops/s
Iteration   2: 51495754.527 ops/s
Iteration   3: 51440782.908 ops/s
Iteration   4: 51663198.286 ops/s
Iteration   5: 51515867.774 ops/s
Iteration   6: 51694303.689 ops/s
Iteration   7: 51776543.881 ops/s
Iteration   8: 51438188.262 ops/s
Iteration   9: 51822376.965 ops/s
Iteration  10: 51748167.022 ops/s
Iteration  11: 51502938.979 ops/s
Iteration  12: 51861254.968 ops/s
Iteration  13: 51594522.786 ops/s
Iteration  14: 51651861.989 ops/s
Iteration  15: 51663670.329 ops/s
Iteration  16: 51154690.450 ops/s
Iteration  17: 51414404.789 ops/s
Iteration  18: 51415094.516 ops/s
Iteration  19: 51654567.492 ops/s
Iteration  20: 51581422.773 ops/s
Iteration  21: 51445928.942 ops/s
Iteration  22: 51305311.538 ops/s
Iteration  23: 51917228.688 ops/s
Iteration  24: 51490805.985 ops/s
Iteration  25: 51563228.243 ops/s
Iteration  26: 51515962.740 ops/s
Iteration  27: 51307510.603 ops/s
Iteration  28: 51440177.172 ops/s
Iteration  29: 51294685.461 ops/s
Iteration  30: 51454472.576 ops/s


Result: 51552815.088 ±(99.9%) 121263.571 ops/s [Average]
  Statistics: (min, avg, max) = (51154690.450, 51552815.088, 51917228.688), stdev = 181501.618
  Confidence interval (99.9%): [51431551.517, 51674078.659]


# JMH 1.6.3 (released 2405 days ago, please consider updating!)
# VM invoker: /opt/jdk/oracle/jdk1.7.0_80/jre/bin/java
# VM options: -Xms10G -Xmx10G -XX:+UseParallelGC
# Warmup: 3 iterations, 10 s each
# Measurement: 30 iterations, 10 s each
# Timeout: 10 min per iteration
# Threads: 1 thread, will synchronize iterations
# Benchmark mode: Throughput, ops/time
# Benchmark: benchmarks.SynchronizationBenchmarkTest.testVolatile
# Parameters: (threadCount = 1)

# Run progress: 66.67% complete, ETA 00:05:30
# Fork: 1 of 1
# Warmup Iteration   1: 42924931.799 ops/s
# Warmup Iteration   2: 42708728.623 ops/s
# Warmup Iteration   3: 43646383.122 ops/s
Iteration   1: 43617152.881 ops/s
Iteration   2: 43782349.522 ops/s
Iteration   3: 43796177.469 ops/s
Iteration   4: 43585607.060 ops/s
Iteration   5: 43599565.982 ops/s
Iteration   6: 43290741.872 ops/s
Iteration   7: 43567875.358 ops/s
Iteration   8: 43263742.395 ops/s
Iteration   9: 43759094.110 ops/s
Iteration  10: 43777185.787 ops/s
Iteration  11: 43747972.590 ops/s
Iteration  12: 43499219.457 ops/s
Iteration  13: 43578695.862 ops/s
Iteration  14: 43678501.770 ops/s
Iteration  15: 43837349.368 ops/s
Iteration  16: 43717743.110 ops/s
Iteration  17: 43682692.562 ops/s
Iteration  18: 43716010.913 ops/s
Iteration  19: 43773872.293 ops/s
Iteration  20: 43748999.938 ops/s
Iteration  21: 43919067.517 ops/s
Iteration  22: 43434763.624 ops/s
Iteration  23: 43597755.756 ops/s
Iteration  24: 43809884.184 ops/s
Iteration  25: 43875945.604 ops/s
Iteration  26: 44013868.993 ops/s
Iteration  27: 43297169.074 ops/s
Iteration  28: 43498846.220 ops/s
Iteration  29: 43632385.314 ops/s
Iteration  30: 43316413.994 ops/s


Result: 43647221.686 ±(99.9%) 127575.920 ops/s [Average]
  Statistics: (min, avg, max) = (43263742.395, 43647221.686, 44013868.993), stdev = 190949.646
  Confidence interval (99.9%): [43519645.766, 43774797.606]


# Run complete. Total time: 00:16:30

Benchmark                                           (threadCount)   Mode  Cnt          Score        Error  Units
SynchronizationBenchmarkTest.testAtomic                         1  thrpt   30  116166020.779 ± 288267.563  ops/s
SynchronizationBenchmarkTest.testNonVolatileNumber              1  thrpt   30   51552815.088 ± 121263.571  ops/s
SynchronizationBenchmarkTest.testVolatile                       1  thrpt   30   43647221.686 ± 127575.920  ops/s

Benchmark result is saved to results/result_Java__HotSpot(TM)__64-Bit__Server__VM_1.7__1.7.0_80-b15_tc1.csv
# JMH 1.6.3 (released 2405 days ago, please consider updating!)
# VM invoker: /opt/jdk/oracle/jdk1.7.0_80/jre/bin/java
# VM options: -Xms10G -Xmx10G -XX:+UseParallelGC
# Warmup: 3 iterations, 10 s each
# Measurement: 30 iterations, 10 s each
# Timeout: 10 min per iteration
# Threads: 8 threads, will synchronize iterations
# Benchmark mode: Throughput, ops/time
# Benchmark: benchmarks.SynchronizationBenchmarkTest.testAtomic
# Parameters: (threadCount = 8)

# Run progress: 0.00% complete, ETA 00:16:30
# Fork: 1 of 1
# Warmup Iteration   1: 14860789.458 ops/s
# Warmup Iteration   2: 14641924.627 ops/s
# Warmup Iteration   3: 14908416.217 ops/s
Iteration   1: 14866824.009 ops/s
Iteration   2: 14754777.150 ops/s
Iteration   3: 14557456.983 ops/s
Iteration   4: 14614136.257 ops/s
Iteration   5: 14915943.301 ops/s
Iteration   6: 14918186.976 ops/s
Iteration   7: 14916896.270 ops/s
Iteration   8: 14890875.675 ops/s
Iteration   9: 14926127.155 ops/s
Iteration  10: 14884958.976 ops/s
Iteration  11: 14884559.181 ops/s
Iteration  12: 14940123.033 ops/s
Iteration  13: 14883707.531 ops/s
Iteration  14: 14918243.679 ops/s
Iteration  15: 14875667.887 ops/s
Iteration  16: 14917563.302 ops/s
Iteration  17: 14868686.575 ops/s
Iteration  18: 14897010.234 ops/s
Iteration  19: 14908647.670 ops/s
Iteration  20: 15113442.402 ops/s
Iteration  21: 14906329.926 ops/s
Iteration  22: 14933622.966 ops/s
Iteration  23: 14892495.643 ops/s
Iteration  24: 14940108.573 ops/s
Iteration  25: 14869990.261 ops/s
Iteration  26: 15064716.143 ops/s
Iteration  27: 14899735.381 ops/s
Iteration  28: 14880742.016 ops/s
Iteration  29: 14883906.824 ops/s
Iteration  30: 14867460.279 ops/s


Result: 14886431.409 ±(99.9%) 67965.766 ops/s [Average]
  Statistics: (min, avg, max) = (14557456.983, 14886431.409, 15113442.402), stdev = 101727.967
  Confidence interval (99.9%): [14818465.642, 14954397.175]


# JMH 1.6.3 (released 2405 days ago, please consider updating!)
# VM invoker: /opt/jdk/oracle/jdk1.7.0_80/jre/bin/java
# VM options: -Xms10G -Xmx10G -XX:+UseParallelGC
# Warmup: 3 iterations, 10 s each
# Measurement: 30 iterations, 10 s each
# Timeout: 10 min per iteration
# Threads: 8 threads, will synchronize iterations
# Benchmark mode: Throughput, ops/time
# Benchmark: benchmarks.SynchronizationBenchmarkTest.testNonVolatileNumber
# Parameters: (threadCount = 8)

# Run progress: 33.33% complete, ETA 00:11:00
# Fork: 1 of 1
# Warmup Iteration   1: 4236225.143 ops/s
# Warmup Iteration   2: 4132750.249 ops/s
# Warmup Iteration   3: 4081412.952 ops/s
Iteration   1: 4077790.958 ops/s
Iteration   2: 4095281.156 ops/s
Iteration   3: 3953704.409 ops/s
Iteration   4: 4238629.388 ops/s
Iteration   5: 4232547.079 ops/s
Iteration   6: 4174481.077 ops/s
Iteration   7: 4224734.211 ops/s
Iteration   8: 4203605.877 ops/s
Iteration   9: 3870197.261 ops/s
Iteration  10: 4181844.018 ops/s
Iteration  11: 4187948.883 ops/s
Iteration  12: 4212264.838 ops/s
Iteration  13: 4201911.516 ops/s
Iteration  14: 3935893.912 ops/s
Iteration  15: 3907809.046 ops/s
Iteration  16: 3905327.392 ops/s
Iteration  17: 3905284.548 ops/s
Iteration  18: 3924021.258 ops/s
Iteration  19: 3973181.505 ops/s
Iteration  20: 3975762.671 ops/s
Iteration  21: 3974636.646 ops/s
Iteration  22: 3668773.609 ops/s
Iteration  23: 3992356.579 ops/s
Iteration  24: 3975005.239 ops/s
Iteration  25: 3978520.084 ops/s
Iteration  26: 3963875.662 ops/s
Iteration  27: 3962400.689 ops/s
Iteration  28: 3970686.701 ops/s
Iteration  29: 3941577.678 ops/s
Iteration  30: 3828279.856 ops/s


Result: 4021277.792 ±(99.9%) 95601.482 ops/s [Average]
  Statistics: (min, avg, max) = (3668773.609, 4021277.792, 4238629.388), stdev = 143091.808
  Confidence interval (99.9%): [3925676.310, 4116879.273]


# JMH 1.6.3 (released 2405 days ago, please consider updating!)
# VM invoker: /opt/jdk/oracle/jdk1.7.0_80/jre/bin/java
# VM options: -Xms10G -Xmx10G -XX:+UseParallelGC
# Warmup: 3 iterations, 10 s each
# Measurement: 30 iterations, 10 s each
# Timeout: 10 min per iteration
# Threads: 8 threads, will synchronize iterations
# Benchmark mode: Throughput, ops/time
# Benchmark: benchmarks.SynchronizationBenchmarkTest.testVolatile
# Parameters: (threadCount = 8)

# Run progress: 66.67% complete, ETA 00:05:30
# Fork: 1 of 1
# Warmup Iteration   1: 2620989.195 ops/s
# Warmup Iteration   2: 2591198.063 ops/s
# Warmup Iteration   3: 2256287.508 ops/s
Iteration   1: 2149357.936 ops/s
Iteration   2: 2082057.096 ops/s
Iteration   3: 2064158.272 ops/s
Iteration   4: 1955977.415 ops/s
Iteration   5: 1976593.925 ops/s
Iteration   6: 2150048.450 ops/s
Iteration   7: 2152335.011 ops/s
Iteration   8: 2153485.288 ops/s
Iteration   9: 2153604.692 ops/s
Iteration  10: 2198463.059 ops/s
Iteration  11: 2204978.348 ops/s
Iteration  12: 2202948.767 ops/s
Iteration  13: 2219414.531 ops/s
Iteration  14: 2218143.274 ops/s
Iteration  15: 2204010.956 ops/s
Iteration  16: 2214212.015 ops/s
Iteration  17: 2185189.768 ops/s
Iteration  18: 2238984.651 ops/s
Iteration  19: 3150524.172 ops/s
Iteration  20: 3113743.663 ops/s
Iteration  21: 3082267.032 ops/s
Iteration  22: 2424169.406 ops/s
Iteration  23: 2188935.024 ops/s
Iteration  24: 2182398.662 ops/s
Iteration  25: 2314157.964 ops/s
Iteration  26: 2811813.387 ops/s
Iteration  27: 3113010.043 ops/s
Iteration  28: 3119178.979 ops/s
Iteration  29: 3095694.932 ops/s
Iteration  30: 3191091.632 ops/s


Result: 2417031.612 ±(99.9%) 281848.365 ops/s [Average]
  Statistics: (min, avg, max) = (1955977.415, 2417031.612, 3191091.632), stdev = 421857.396
  Confidence interval (99.9%): [2135183.247, 2698879.976]


# Run complete. Total time: 00:16:30

Benchmark                                           (threadCount)   Mode  Cnt         Score        Error  Units
SynchronizationBenchmarkTest.testAtomic                         8  thrpt   30  14886431.409 ±  67965.766  ops/s
SynchronizationBenchmarkTest.testNonVolatileNumber              8  thrpt   30   4021277.792 ±  95601.482  ops/s
SynchronizationBenchmarkTest.testVolatile                       8  thrpt   30   2417031.612 ± 281848.365  ops/s

Benchmark result is saved to results/result_Java__HotSpot(TM)__64-Bit__Server__VM_1.7__1.7.0_80-b15_tc8.csv
Tests run: 1, Failures: 0, Errors: 0, Skipped: 0, Time elapsed: 1,981.794 sec


index: 2, jdk: jdk1.8.0_271, java_version: 1.8, jmh_version: 1.32, use_profiler: true, mvn_path: apache-maven-3.3.1

-------------------------------------------------------
 T E S T S
-------------------------------------------------------

Running benchmarks.SynchronizationBenchmarkTest
# JMH version: 1.32
# VM version: JDK 1.8, Java HotSpot(TM) 64-Bit Server VM, 25.271-b09
# VM invoker: /opt/jdk/oracle/jdk1.8.0_271/jre/bin/java
# VM options: -Xms10G -Xmx10G -XX:+UseParallelGC
# Blackhole mode: full + dont-inline hint
# Warmup: 3 iterations, 10 s each
# Measurement: 30 iterations, 10 s each
# Timeout: 10 min per iteration
# Threads: 1 thread, will synchronize iterations
# Benchmark mode: Throughput, ops/time
# Benchmark: benchmarks.SynchronizationBenchmarkTest.testAtomic
# Parameters: (threadCount = 1)

# Run progress: 0.00% complete, ETA 00:16:30
# Fork: 1 of 1
# Preparing profilers: LinuxPerfProfiler AsyncProfiler 
# Profilers consume stderr from target VM, use -v EXTRA to copy to console
# Warmup Iteration   1: 130401855.657 ops/s
# Warmup Iteration   2: 130910198.374 ops/s
# Warmup Iteration   3: 147520309.621 ops/s
Iteration   1: 145611225.275 ops/s
Iteration   2: 145832648.599 ops/s
Iteration   3: 145428095.120 ops/s
Iteration   4: 145623543.685 ops/s
Iteration   5: 145849764.559 ops/s
Iteration   6: 145164013.866 ops/s
Iteration   7: 146025892.934 ops/s
Iteration   8: 146307185.814 ops/s
Iteration   9: 145237661.993 ops/s
Iteration  10: 145683752.492 ops/s
Iteration  11: 146020716.434 ops/s
Iteration  12: 145806459.651 ops/s
Iteration  13: 145788518.888 ops/s
Iteration  14: 139391286.274 ops/s
Iteration  15: 140640057.486 ops/s
Iteration  16: 140548017.180 ops/s
Iteration  17: 139587746.740 ops/s
Iteration  18: 140251869.276 ops/s
Iteration  19: 139399741.873 ops/s
Iteration  20: 140406681.735 ops/s
Iteration  21: 139718147.741 ops/s
Iteration  22: 140004899.530 ops/s
Iteration  23: 140451368.509 ops/s
Iteration  24: 139894179.801 ops/s
Iteration  25: 139522023.198 ops/s
Iteration  26: 139870275.567 ops/s
Iteration  27: 138996785.801 ops/s
Iteration  28: 140139011.248 ops/s
Iteration  29: 139852601.140 ops/s
Iteration  30: 140325072.577 ops/s
                 ·async: (text only)

# Processing profiler results: AsyncProfiler LinuxPerfProfiler 


Result "benchmarks.SynchronizationBenchmarkTest.testAtomic":
  142445974.833 ±(99.9%) 1964903.136 ops/s [Average]
  (min, avg, max) = (138996785.801, 142445974.833, 146307185.814), stdev = 2940974.736
  CI (99.9%): [140481071.696, 144410877.969] (assumes normal distribution)

Secondary result "benchmarks.SynchronizationBenchmarkTest.testAtomic:·async":
Async profiler results:
  flamegraphs/benchmarks.SynchronizationBenchmarkTest.testAtomic-Throughput-threadCount-1/flame-cpu-forward.html

Secondary result "benchmarks.SynchronizationBenchmarkTest.testAtomic:·perf":
Perf stats:
--------------------------------------------------

        302,397.47 msec task-clock                #    0.908 CPUs utilized          
             8,208      context-switches          #    0.027 K/sec                  
                54      cpu-migrations            #    0.000 K/sec                  
            15,472      page-faults               #    0.051 K/sec                  
 1,116,715,521,922      cycles                    #    3.693 GHz                      (30.77%)
 1,256,809,986,217      instructions              #    1.13  insn per cycle           (38.46%)
   216,734,395,164      branches                  #  716.720 M/sec                    (38.47%)
        79,404,344      branch-misses             #    0.04% of all branches          (38.48%)
   518,910,300,307      L1-dcache-loads           # 1715.988 M/sec                    (38.48%)
        33,856,957      L1-dcache-load-misses     #    0.01% of all L1-dcache hits    (38.48%)
         4,580,045      LLC-loads                 #    0.015 M/sec                    (30.78%)
           178,553      LLC-load-misses           #    3.90% of all LL-cache hits     (30.77%)
   <not supported>      L1-icache-loads                                             
       135,616,197      L1-icache-load-misses                                         (30.76%)
   519,658,821,419      dTLB-loads                # 1718.463 M/sec                    (30.76%)
           562,626      dTLB-load-misses          #    0.00% of all dTLB cache hits   (30.76%)
         2,494,161      iTLB-loads                #    0.008 M/sec                    (30.76%)
        39,645,703      iTLB-load-misses          # 1589.54% of all iTLB cache hits   (30.76%)
   <not supported>      L1-dcache-prefetches                                        
   <not supported>      L1-dcache-prefetch-misses                                   

     332.943480424 seconds time elapsed

     328.098699000 seconds user
       2.495821000 seconds sys




# JMH version: 1.32
# VM version: JDK 1.8, Java HotSpot(TM) 64-Bit Server VM, 25.271-b09
# VM invoker: /opt/jdk/oracle/jdk1.8.0_271/jre/bin/java
# VM options: -Xms10G -Xmx10G -XX:+UseParallelGC
# Blackhole mode: full + dont-inline hint
# Warmup: 3 iterations, 10 s each
# Measurement: 30 iterations, 10 s each
# Timeout: 10 min per iteration
# Threads: 1 thread, will synchronize iterations
# Benchmark mode: Throughput, ops/time
# Benchmark: benchmarks.SynchronizationBenchmarkTest.testNonVolatileNumber
# Parameters: (threadCount = 1)

# Run progress: 33.33% complete, ETA 00:11:08
# Fork: 1 of 1
# Preparing profilers: LinuxPerfProfiler AsyncProfiler 
# Profilers consume stderr from target VM, use -v EXTRA to copy to console
# Warmup Iteration   1: 54644766.683 ops/s
# Warmup Iteration   2: 49907944.174 ops/s
# Warmup Iteration   3: 49587616.081 ops/s
Iteration   1: 49563946.021 ops/s
Iteration   2: 49491804.633 ops/s
Iteration   3: 49580006.587 ops/s
Iteration   4: 49656946.078 ops/s
Iteration   5: 49647093.416 ops/s
Iteration   6: 49737878.418 ops/s
Iteration   7: 49359176.524 ops/s
Iteration   8: 49738801.643 ops/s
Iteration   9: 49594256.256 ops/s
Iteration  10: 49600964.199 ops/s
Iteration  11: 49524172.637 ops/s
Iteration  12: 49965479.785 ops/s
Iteration  13: 49449563.986 ops/s
Iteration  14: 53359161.903 ops/s
Iteration  15: 53281562.768 ops/s
Iteration  16: 53260499.425 ops/s
Iteration  17: 53201583.589 ops/s
Iteration  18: 53213225.527 ops/s
Iteration  19: 53215805.561 ops/s
Iteration  20: 53299882.479 ops/s
Iteration  21: 53327369.187 ops/s
Iteration  22: 53291934.970 ops/s
Iteration  23: 53238708.984 ops/s
Iteration  24: 53451259.560 ops/s
Iteration  25: 53030162.696 ops/s
Iteration  26: 53665250.808 ops/s
Iteration  27: 53353734.856 ops/s
Iteration  28: 53334272.797 ops/s
Iteration  29: 52989394.920 ops/s
Iteration  30: 53075156.224 ops/s
                 ·async: (text only)

# Processing profiler results: AsyncProfiler LinuxPerfProfiler 


Result "benchmarks.SynchronizationBenchmarkTest.testNonVolatileNumber":
  51683301.881 ±(99.9%) 1237148.070 ops/s [Average]
  (min, avg, max) = (49359176.524, 51683301.881, 53665250.808), stdev = 1851705.131
  CI (99.9%): [50446153.811, 52920449.952] (assumes normal distribution)

Secondary result "benchmarks.SynchronizationBenchmarkTest.testNonVolatileNumber:·async":
Async profiler results:
  flamegraphs/benchmarks.SynchronizationBenchmarkTest.testNonVolatileNumber-Throughput-threadCount-1/flame-cpu-forward.html

Secondary result "benchmarks.SynchronizationBenchmarkTest.testNonVolatileNumber:·perf":
Perf stats:
--------------------------------------------------

        302,255.91 msec task-clock                #    0.908 CPUs utilized          
             8,240      context-switches          #    0.027 K/sec                  
                34      cpu-migrations            #    0.000 K/sec                  
            17,981      page-faults               #    0.059 K/sec                  
 1,115,761,097,313      cycles                    #    3.691 GHz                      (30.77%)
 1,023,485,323,850      instructions              #    0.92  insn per cycle           (38.47%)
   220,100,402,296      branches                  #  728.192 M/sec                    (38.47%)
        75,498,433      branch-misses             #    0.03% of all branches          (38.48%)
   361,629,216,798      L1-dcache-loads           # 1196.434 M/sec                    (38.48%)
        33,528,592      L1-dcache-load-misses     #    0.01% of all L1-dcache hits    (38.47%)
         4,131,295      LLC-loads                 #    0.014 M/sec                    (30.77%)
           184,271      LLC-load-misses           #    4.46% of all LL-cache hits     (30.77%)
   <not supported>      L1-icache-loads                                             
       141,079,704      L1-icache-load-misses                                         (30.76%)
   361,894,993,044      dTLB-loads                # 1197.313 M/sec                    (30.76%)
           611,227      dTLB-load-misses          #    0.00% of all dTLB cache hits   (30.76%)
         2,528,998      iTLB-loads                #    0.008 M/sec                    (30.76%)
        41,100,388      iTLB-load-misses          # 1625.16% of all iTLB cache hits   (30.76%)
   <not supported>      L1-dcache-prefetches                                        
   <not supported>      L1-dcache-prefetch-misses                                   

     332.823493403 seconds time elapsed

     328.074210000 seconds user
       2.429334000 seconds sys




# JMH version: 1.32
# VM version: JDK 1.8, Java HotSpot(TM) 64-Bit Server VM, 25.271-b09
# VM invoker: /opt/jdk/oracle/jdk1.8.0_271/jre/bin/java
# VM options: -Xms10G -Xmx10G -XX:+UseParallelGC
# Blackhole mode: full + dont-inline hint
# Warmup: 3 iterations, 10 s each
# Measurement: 30 iterations, 10 s each
# Timeout: 10 min per iteration
# Threads: 1 thread, will synchronize iterations
# Benchmark mode: Throughput, ops/time
# Benchmark: benchmarks.SynchronizationBenchmarkTest.testVolatile
# Parameters: (threadCount = 1)

# Run progress: 66.67% complete, ETA 00:05:35
# Fork: 1 of 1
# Preparing profilers: LinuxPerfProfiler AsyncProfiler 
# Profilers consume stderr from target VM, use -v EXTRA to copy to console
# Warmup Iteration   1: 46659901.073 ops/s
# Warmup Iteration   2: 46458655.108 ops/s
# Warmup Iteration   3: 44653478.268 ops/s
Iteration   1: 44430502.490 ops/s
Iteration   2: 44381208.573 ops/s
Iteration   3: 44405500.281 ops/s
Iteration   4: 44299942.047 ops/s
Iteration   5: 44333080.879 ops/s
Iteration   6: 44416498.555 ops/s
Iteration   7: 44352154.141 ops/s
Iteration   8: 44202194.580 ops/s
Iteration   9: 44211757.894 ops/s
Iteration  10: 44330328.970 ops/s
Iteration  11: 44365775.885 ops/s
Iteration  12: 44220722.684 ops/s
Iteration  13: 44346905.736 ops/s
Iteration  14: 44470520.781 ops/s
Iteration  15: 44246616.221 ops/s
Iteration  16: 44388830.845 ops/s
Iteration  17: 44463751.083 ops/s
Iteration  18: 44174736.206 ops/s
Iteration  19: 44667468.307 ops/s
Iteration  20: 44517702.566 ops/s
Iteration  21: 44217003.199 ops/s
Iteration  22: 44298757.441 ops/s
Iteration  23: 44463954.298 ops/s
Iteration  24: 44283888.392 ops/s
Iteration  25: 44414607.494 ops/s
Iteration  26: 44501039.484 ops/s
Iteration  27: 44082709.584 ops/s
Iteration  28: 44464952.416 ops/s
Iteration  29: 44340607.393 ops/s
Iteration  30: 44345458.805 ops/s
                 ·async: (text only)

# Processing profiler results: AsyncProfiler LinuxPerfProfiler 


Result "benchmarks.SynchronizationBenchmarkTest.testVolatile":
  44354639.241 ±(99.9%) 80798.524 ops/s [Average]
  (min, avg, max) = (44082709.584, 44354639.241, 44667468.307), stdev = 120935.436
  CI (99.9%): [44273840.717, 44435437.765] (assumes normal distribution)

Secondary result "benchmarks.SynchronizationBenchmarkTest.testVolatile:·async":
Async profiler results:
  flamegraphs/benchmarks.SynchronizationBenchmarkTest.testVolatile-Throughput-threadCount-1/flame-cpu-forward.html

Secondary result "benchmarks.SynchronizationBenchmarkTest.testVolatile:·perf":
Perf stats:
--------------------------------------------------

        302,285.21 msec task-clock                #    0.908 CPUs utilized          
             8,189      context-switches          #    0.027 K/sec                  
                20      cpu-migrations            #    0.000 K/sec                  
            19,002      page-faults               #    0.063 K/sec                  
 1,114,797,203,860      cycles                    #    3.688 GHz                      (30.77%)
   812,682,287,752      instructions              #    0.73  insn per cycle           (38.47%)
   162,326,473,877      branches                  #  536.998 M/sec                    (38.47%)
        75,872,436      branch-misses             #    0.05% of all branches          (38.48%)
   310,831,945,561      L1-dcache-loads           # 1028.274 M/sec                    (38.48%)
        31,612,259      L1-dcache-load-misses     #    0.01% of all L1-dcache hits    (38.47%)
         3,979,755      LLC-loads                 #    0.013 M/sec                    (30.77%)
           178,301      LLC-load-misses           #    4.48% of all LL-cache hits     (30.76%)
   <not supported>      L1-icache-loads                                             
       126,412,828      L1-icache-load-misses                                         (30.76%)
   311,245,829,629      dTLB-loads                # 1029.643 M/sec                    (30.76%)
           617,495      dTLB-load-misses          #    0.00% of all dTLB cache hits   (30.76%)
         2,361,447      iTLB-loads                #    0.008 M/sec                    (30.76%)
        43,106,478      iTLB-load-misses          # 1825.43% of all iTLB cache hits   (30.76%)
   <not supported>      L1-dcache-prefetches                                        
   <not supported>      L1-dcache-prefetch-misses                                   

     332.835406464 seconds time elapsed

     328.022775000 seconds user
       2.500765000 seconds sys




# Run complete. Total time: 00:16:46

REMEMBER: The numbers below are just data. To gain reusable insights, you need to follow up on
why the numbers are the way they are. Use profilers (see -prof, -lprof), design factorial
experiments, perform baseline and negative tests that provide experimental control, make sure
the benchmarking environment is safe on JVM/OS/HW level, ask for reviews from the domain experts.
Do not assume the numbers tell you what you want them to tell.

Benchmark                                                  (threadCount)   Mode  Cnt          Score         Error      Units
SynchronizationBenchmarkTest.testAtomic                                1  thrpt   30  142445974.833 ± 1964903.136      ops/s
SynchronizationBenchmarkTest.testAtomic:·async                         1  thrpt                 NaN                      ---
SynchronizationBenchmarkTest.testAtomic:·cpi                           1  thrpt               0.889                clks/insn
SynchronizationBenchmarkTest.testAtomic:·ipc                           1  thrpt               1.125                insns/clk
SynchronizationBenchmarkTest.testAtomic:·perf                          1  thrpt                 NaN                      ---
SynchronizationBenchmarkTest.testNonVolatileNumber                     1  thrpt   30   51683301.881 ± 1237148.070      ops/s
SynchronizationBenchmarkTest.testNonVolatileNumber:·async              1  thrpt                 NaN                      ---
SynchronizationBenchmarkTest.testNonVolatileNumber:·cpi                1  thrpt               1.090                clks/insn
SynchronizationBenchmarkTest.testNonVolatileNumber:·ipc                1  thrpt               0.917                insns/clk
SynchronizationBenchmarkTest.testNonVolatileNumber:·perf               1  thrpt                 NaN                      ---
SynchronizationBenchmarkTest.testVolatile                              1  thrpt   30   44354639.241 ±   80798.524      ops/s
SynchronizationBenchmarkTest.testVolatile:·async                       1  thrpt                 NaN                      ---
SynchronizationBenchmarkTest.testVolatile:·cpi                         1  thrpt               1.372                clks/insn
SynchronizationBenchmarkTest.testVolatile:·ipc                         1  thrpt               0.729                insns/clk
SynchronizationBenchmarkTest.testVolatile:·perf                        1  thrpt                 NaN                      ---

Benchmark result is saved to results/result_Java__HotSpot(TM)__64-Bit__Server__VM_1.8__1.8.0_271-b09_tc1.csv
# JMH version: 1.32
# VM version: JDK 1.8, Java HotSpot(TM) 64-Bit Server VM, 25.271-b09
# VM invoker: /opt/jdk/oracle/jdk1.8.0_271/jre/bin/java
# VM options: -Xms10G -Xmx10G -XX:+UseParallelGC
# Blackhole mode: full + dont-inline hint
# Warmup: 3 iterations, 10 s each
# Measurement: 30 iterations, 10 s each
# Timeout: 10 min per iteration
# Threads: 8 threads, will synchronize iterations
# Benchmark mode: Throughput, ops/time
# Benchmark: benchmarks.SynchronizationBenchmarkTest.testAtomic
# Parameters: (threadCount = 8)

# Run progress: 0.00% complete, ETA 00:16:30
# Fork: 1 of 1
# Preparing profilers: LinuxPerfProfiler AsyncProfiler 
# Profilers consume stderr from target VM, use -v EXTRA to copy to console
# Warmup Iteration   1: 38627728.852 ops/s
# Warmup Iteration   2: 36079705.827 ops/s
# Warmup Iteration   3: 43269332.028 ops/s
Iteration   1: 43505225.853 ops/s
Iteration   2: 43583531.099 ops/s
Iteration   3: 43522550.554 ops/s
Iteration   4: 43531404.161 ops/s
Iteration   5: 43590731.296 ops/s
Iteration   6: 43525959.303 ops/s
Iteration   7: 43557714.089 ops/s
Iteration   8: 43539402.784 ops/s
Iteration   9: 43543579.396 ops/s
Iteration  10: 43556601.380 ops/s
Iteration  11: 43614735.612 ops/s
Iteration  12: 44202706.407 ops/s
Iteration  13: 44259995.709 ops/s
Iteration  14: 44262154.758 ops/s
Iteration  15: 44260558.292 ops/s
Iteration  16: 44255622.251 ops/s
Iteration  17: 44258127.360 ops/s
Iteration  18: 44274111.270 ops/s
Iteration  19: 44266556.400 ops/s
Iteration  20: 44268926.649 ops/s
Iteration  21: 44272735.921 ops/s
Iteration  22: 44273402.576 ops/s
Iteration  23: 44263534.941 ops/s
Iteration  24: 44266382.462 ops/s
Iteration  25: 44257561.030 ops/s
Iteration  26: 44266108.154 ops/s
Iteration  27: 44271774.248 ops/s
Iteration  28: 44603729.604 ops/s
Iteration  29: 45040824.695 ops/s
Iteration  30: 45038940.580 ops/s
                 ·async: (text only)

# Processing profiler results: AsyncProfiler LinuxPerfProfiler 


Result "benchmarks.SynchronizationBenchmarkTest.testAtomic":
  44064506.294 ±(99.9%) 296665.243 ops/s [Average]
  (min, avg, max) = (43505225.853, 44064506.294, 45040824.695), stdev = 444034.603
  CI (99.9%): [43767841.052, 44361171.537] (assumes normal distribution)

Secondary result "benchmarks.SynchronizationBenchmarkTest.testAtomic:·async":
Async profiler results:
  flamegraphs/benchmarks.SynchronizationBenchmarkTest.testAtomic-Throughput-threadCount-8/flame-cpu-forward.html

Secondary result "benchmarks.SynchronizationBenchmarkTest.testAtomic:·perf":
Perf stats:
--------------------------------------------------

      2,414,411.60 msec task-clock                #    7.253 CPUs utilized          
            10,817      context-switches          #    0.004 K/sec                  
                42      cpu-migrations            #    0.000 K/sec                  
            21,812      page-faults               #    0.009 K/sec                  
 8,986,641,073,812      cycles                    #    3.722 GHz                      (30.77%)
   462,546,736,376      instructions              #    0.05  insn per cycle           (38.46%)
    80,456,970,878      branches                  #   33.324 M/sec                    (38.46%)
       288,909,356      branch-misses             #    0.36% of all branches          (38.46%)
   183,595,681,865      L1-dcache-loads           #   76.042 M/sec                    (38.46%)
     5,235,389,799      L1-dcache-load-misses     #    2.85% of all L1-dcache hits    (38.46%)
        31,683,438      LLC-loads                 #    0.013 M/sec                    (30.77%)
         9,110,515      LLC-load-misses           #   28.75% of all LL-cache hits     (30.77%)
   <not supported>      L1-icache-loads                                             
       292,838,310      L1-icache-load-misses                                         (30.77%)
   183,664,459,583      dTLB-loads                #   76.070 M/sec                    (30.77%)
         1,359,262      dTLB-load-misses          #    0.00% of all dTLB cache hits   (30.77%)
         4,452,361      iTLB-loads                #    0.002 M/sec                    (30.77%)
       365,199,286      iTLB-load-misses          # 8202.37% of all iTLB cache hits   (30.77%)
   <not supported>      L1-dcache-prefetches                                        
   <not supported>      L1-dcache-prefetch-misses                                   

     332.866238119 seconds time elapsed

    2614.316208000 seconds user
       2.554874000 seconds sys




# JMH version: 1.32
# VM version: JDK 1.8, Java HotSpot(TM) 64-Bit Server VM, 25.271-b09
# VM invoker: /opt/jdk/oracle/jdk1.8.0_271/jre/bin/java
# VM options: -Xms10G -Xmx10G -XX:+UseParallelGC
# Blackhole mode: full + dont-inline hint
# Warmup: 3 iterations, 10 s each
# Measurement: 30 iterations, 10 s each
# Timeout: 10 min per iteration
# Threads: 8 threads, will synchronize iterations
# Benchmark mode: Throughput, ops/time
# Benchmark: benchmarks.SynchronizationBenchmarkTest.testNonVolatileNumber
# Parameters: (threadCount = 8)

# Run progress: 33.33% complete, ETA 00:11:08
# Fork: 1 of 1
# Preparing profilers: LinuxPerfProfiler AsyncProfiler 
# Profilers consume stderr from target VM, use -v EXTRA to copy to console
# Warmup Iteration   1: 4393719.923 ops/s
# Warmup Iteration   2: 4501156.358 ops/s
# Warmup Iteration   3: 5945625.759 ops/s
Iteration   1: 7203784.360 ops/s
Iteration   2: 7305711.110 ops/s
Iteration   3: 7260613.151 ops/s
Iteration   4: 6366367.044 ops/s
Iteration   5: 5902053.198 ops/s
Iteration   6: 5873065.418 ops/s
Iteration   7: 6037485.519 ops/s
Iteration   8: 5936949.549 ops/s
Iteration   9: 6314602.059 ops/s
Iteration  10: 6378785.667 ops/s
Iteration  11: 6020349.062 ops/s
Iteration  12: 5768973.420 ops/s
Iteration  13: 5835563.272 ops/s
Iteration  14: 5852357.748 ops/s
Iteration  15: 5847674.021 ops/s
Iteration  16: 5826839.195 ops/s
Iteration  17: 5870706.154 ops/s
Iteration  18: 5918875.921 ops/s
Iteration  19: 5832317.535 ops/s
Iteration  20: 5413508.070 ops/s
Iteration  21: 5406177.990 ops/s
Iteration  22: 5403016.590 ops/s
Iteration  23: 5444180.033 ops/s
Iteration  24: 5874986.206 ops/s
Iteration  25: 5843193.725 ops/s
Iteration  26: 5849035.932 ops/s
Iteration  27: 5892392.283 ops/s
Iteration  28: 5835852.527 ops/s
Iteration  29: 5820018.494 ops/s
Iteration  30: 5853805.328 ops/s
                 ·async: (text only)

# Processing profiler results: AsyncProfiler LinuxPerfProfiler 


Result "benchmarks.SynchronizationBenchmarkTest.testNonVolatileNumber":
  5999641.353 ±(99.9%) 325310.204 ops/s [Average]
  (min, avg, max) = (5403016.590, 5999641.353, 7305711.110), stdev = 486909.035
  CI (99.9%): [5674331.149, 6324951.556] (assumes normal distribution)

Secondary result "benchmarks.SynchronizationBenchmarkTest.testNonVolatileNumber:·async":
Async profiler results:
  flamegraphs/benchmarks.SynchronizationBenchmarkTest.testNonVolatileNumber-Throughput-threadCount-8/flame-cpu-forward.html

Secondary result "benchmarks.SynchronizationBenchmarkTest.testNonVolatileNumber:·perf":
Perf stats:
--------------------------------------------------

        921,874.30 msec task-clock                #    2.769 CPUs utilized          
        18,515,151      context-switches          #    0.020 M/sec                  
               154      cpu-migrations            #    0.000 K/sec                  
            16,585      page-faults               #    0.018 K/sec                  
 2,425,611,814,505      cycles                    #    2.631 GHz                      (30.79%)
   638,238,284,937      instructions              #    0.26  insn per cycle           (38.51%)
   149,533,660,413      branches                  #  162.206 M/sec                    (38.47%)
     2,510,720,940      branch-misses             #    1.68% of all branches          (38.46%)
   192,219,024,007      L1-dcache-loads           #  208.509 M/sec                    (38.44%)
    11,167,022,842      L1-dcache-load-misses     #    5.81% of all L1-dcache hits    (38.43%)
     4,023,250,403      LLC-loads                 #    4.364 M/sec                    (30.71%)
     2,471,056,607      LLC-load-misses           #   61.42% of all LL-cache hits     (30.75%)
   <not supported>      L1-icache-loads                                             
    15,478,209,611      L1-icache-load-misses                                         (30.75%)
   192,907,999,130      dTLB-loads                #  209.256 M/sec                    (30.78%)
         7,919,246      dTLB-load-misses          #    0.00% of all dTLB cache hits   (30.81%)
       488,888,559      iTLB-loads                #    0.530 M/sec                    (30.79%)
     1,883,654,867      iTLB-load-misses          #  385.29% of all iTLB cache hits   (30.82%)
   <not supported>      L1-dcache-prefetches                                        
   <not supported>      L1-dcache-prefetch-misses                                   

     332.927936056 seconds time elapsed

     885.867417000 seconds user
     172.853623000 seconds sys




# JMH version: 1.32
# VM version: JDK 1.8, Java HotSpot(TM) 64-Bit Server VM, 25.271-b09
# VM invoker: /opt/jdk/oracle/jdk1.8.0_271/jre/bin/java
# VM options: -Xms10G -Xmx10G -XX:+UseParallelGC
# Blackhole mode: full + dont-inline hint
# Warmup: 3 iterations, 10 s each
# Measurement: 30 iterations, 10 s each
# Timeout: 10 min per iteration
# Threads: 8 threads, will synchronize iterations
# Benchmark mode: Throughput, ops/time
# Benchmark: benchmarks.SynchronizationBenchmarkTest.testVolatile
# Parameters: (threadCount = 8)

# Run progress: 66.67% complete, ETA 00:05:35
# Fork: 1 of 1
# Preparing profilers: LinuxPerfProfiler AsyncProfiler 
# Profilers consume stderr from target VM, use -v EXTRA to copy to console
# Warmup Iteration   1: 3471885.004 ops/s
# Warmup Iteration   2: 4546175.516 ops/s
# Warmup Iteration   3: 5102966.853 ops/s
Iteration   1: 5533265.111 ops/s
Iteration   2: 5649384.114 ops/s
Iteration   3: 5634424.655 ops/s
Iteration   4: 5713887.177 ops/s
Iteration   5: 6021952.104 ops/s
Iteration   6: 5634789.333 ops/s
Iteration   7: 5624571.503 ops/s
Iteration   8: 5582550.517 ops/s
Iteration   9: 5593486.619 ops/s
Iteration  10: 5574308.885 ops/s
Iteration  11: 5537407.915 ops/s
Iteration  12: 5648809.193 ops/s
Iteration  13: 5676975.363 ops/s
Iteration  14: 5614725.271 ops/s
Iteration  15: 5628861.159 ops/s
Iteration  16: 5643607.400 ops/s
Iteration  17: 5584198.212 ops/s
Iteration  18: 5597633.071 ops/s
Iteration  19: 5942587.608 ops/s
Iteration  20: 5647274.894 ops/s
Iteration  21: 5614397.359 ops/s
Iteration  22: 5611605.393 ops/s
Iteration  23: 5616902.328 ops/s
Iteration  24: 5626504.346 ops/s
Iteration  25: 5613258.449 ops/s
Iteration  26: 5599920.056 ops/s
Iteration  27: 5584750.500 ops/s
Iteration  28: 5595666.779 ops/s
Iteration  29: 5685066.955 ops/s
Iteration  30: 5665269.064 ops/s
                 ·async: (text only)

# Processing profiler results: AsyncProfiler LinuxPerfProfiler 


Result "benchmarks.SynchronizationBenchmarkTest.testVolatile":
  5643268.044 ±(99.9%) 67274.533 ops/s [Average]
  (min, avg, max) = (5533265.111, 5643268.044, 6021952.104), stdev = 100693.362
  CI (99.9%): [5575993.511, 5710542.578] (assumes normal distribution)

Secondary result "benchmarks.SynchronizationBenchmarkTest.testVolatile:·async":
Async profiler results:
  flamegraphs/benchmarks.SynchronizationBenchmarkTest.testVolatile-Throughput-threadCount-8/flame-cpu-forward.html

Secondary result "benchmarks.SynchronizationBenchmarkTest.testVolatile:·perf":
Perf stats:
--------------------------------------------------

        962,630.68 msec task-clock                #    2.892 CPUs utilized          
        24,014,048      context-switches          #    0.025 M/sec                  
               194      cpu-migrations            #    0.000 K/sec                  
            16,281      page-faults               #    0.017 K/sec                  
 3,371,294,317,038      cycles                    #    3.502 GHz                      (30.81%)
   825,623,665,047      instructions              #    0.24  insn per cycle           (38.52%)
   201,194,712,572      branches                  #  209.005 M/sec                    (38.56%)
     2,848,092,652      branch-misses             #    1.42% of all branches          (38.53%)
   243,971,822,371      L1-dcache-loads           #  253.443 M/sec                    (38.52%)
    12,903,953,911      L1-dcache-load-misses     #    5.29% of all L1-dcache hits    (38.49%)
     4,468,201,170      LLC-loads                 #    4.642 M/sec                    (30.73%)
     2,706,383,019      LLC-load-misses           #   60.57% of all LL-cache hits     (30.71%)
   <not supported>      L1-icache-loads                                             
    17,836,004,199      L1-icache-load-misses                                         (30.70%)
   244,934,436,027      dTLB-loads                #  254.443 M/sec                    (30.70%)
         8,246,213      dTLB-load-misses          #    0.00% of all dTLB cache hits   (30.71%)
       609,202,730      iTLB-loads                #    0.633 M/sec                    (30.76%)
     2,297,825,731      iTLB-load-misses          #  377.19% of all iTLB cache hits   (30.78%)
   <not supported>      L1-dcache-prefetches                                        
   <not supported>      L1-dcache-prefetch-misses                                   

     332.878969340 seconds time elapsed

     940.600670000 seconds user
     153.234471000 seconds sys




# Run complete. Total time: 00:16:46

REMEMBER: The numbers below are just data. To gain reusable insights, you need to follow up on
why the numbers are the way they are. Use profilers (see -prof, -lprof), design factorial
experiments, perform baseline and negative tests that provide experimental control, make sure
the benchmarking environment is safe on JVM/OS/HW level, ask for reviews from the domain experts.
Do not assume the numbers tell you what you want them to tell.

Benchmark                                                  (threadCount)   Mode  Cnt         Score        Error      Units
SynchronizationBenchmarkTest.testAtomic                                8  thrpt   30  44064506.294 ± 296665.243      ops/s
SynchronizationBenchmarkTest.testAtomic:·async                         8  thrpt                NaN                     ---
SynchronizationBenchmarkTest.testAtomic:·cpi                           8  thrpt             19.429               clks/insn
SynchronizationBenchmarkTest.testAtomic:·ipc                           8  thrpt              0.051               insns/clk
SynchronizationBenchmarkTest.testAtomic:·perf                          8  thrpt                NaN                     ---
SynchronizationBenchmarkTest.testNonVolatileNumber                     8  thrpt   30   5999641.353 ± 325310.204      ops/s
SynchronizationBenchmarkTest.testNonVolatileNumber:·async              8  thrpt                NaN                     ---
SynchronizationBenchmarkTest.testNonVolatileNumber:·cpi                8  thrpt              3.800               clks/insn
SynchronizationBenchmarkTest.testNonVolatileNumber:·ipc                8  thrpt              0.263               insns/clk
SynchronizationBenchmarkTest.testNonVolatileNumber:·perf               8  thrpt                NaN                     ---
SynchronizationBenchmarkTest.testVolatile                              8  thrpt   30   5643268.044 ±  67274.533      ops/s
SynchronizationBenchmarkTest.testVolatile:·async                       8  thrpt                NaN                     ---
SynchronizationBenchmarkTest.testVolatile:·cpi                         8  thrpt              4.083               clks/insn
SynchronizationBenchmarkTest.testVolatile:·ipc                         8  thrpt              0.245               insns/clk
SynchronizationBenchmarkTest.testVolatile:·perf                        8  thrpt                NaN                     ---

Benchmark result is saved to results/result_Java__HotSpot(TM)__64-Bit__Server__VM_1.8__1.8.0_271-b09_tc8.csv
Tests run: 1, Failures: 0, Errors: 0, Skipped: 0, Time elapsed: 2,023.56 sec

Results :

Tests run: 2, Failures: 0, Errors: 0, Skipped: 0

flamegraphs/
flamegraphs/benchmarks.SynchronizationBenchmarkTest.testAtomic-Throughput-threadCount-1/
flamegraphs/benchmarks.SynchronizationBenchmarkTest.testAtomic-Throughput-threadCount-1/flame-cpu-forward.html
flamegraphs/benchmarks.SynchronizationBenchmarkTest.testNonVolatileNumber-Throughput-threadCount-1/
flamegraphs/benchmarks.SynchronizationBenchmarkTest.testNonVolatileNumber-Throughput-threadCount-1/flame-cpu-forward.html
flamegraphs/benchmarks.SynchronizationBenchmarkTest.testVolatile-Throughput-threadCount-1/
flamegraphs/benchmarks.SynchronizationBenchmarkTest.testVolatile-Throughput-threadCount-1/flame-cpu-forward.html
flamegraphs/benchmarks.SynchronizationBenchmarkTest.testAtomic-Throughput-threadCount-8/
flamegraphs/benchmarks.SynchronizationBenchmarkTest.testAtomic-Throughput-threadCount-8/flame-cpu-forward.html
flamegraphs/benchmarks.SynchronizationBenchmarkTest.testNonVolatileNumber-Throughput-threadCount-8/
flamegraphs/benchmarks.SynchronizationBenchmarkTest.testNonVolatileNumber-Throughput-threadCount-8/flame-cpu-forward.html
flamegraphs/benchmarks.SynchronizationBenchmarkTest.testVolatile-Throughput-threadCount-8/
flamegraphs/benchmarks.SynchronizationBenchmarkTest.testVolatile-Throughput-threadCount-8/flame-cpu-forward.html
index: 3, jdk: jdk-11.0.9, java_version: 11, jmh_version: 1.32, use_profiler: true, mvn_path: apache-maven-3.3.1

-------------------------------------------------------
 T E S T S
-------------------------------------------------------

Running benchmarks.SynchronizationBenchmarkTest
# JMH version: 1.32
# VM version: JDK 11, Java HotSpot(TM) 64-Bit Server VM, 11.0.9+7-LTS
# VM invoker: /opt/jdk/oracle/jdk-11.0.9/bin/java
# VM options: -Xms10G -Xmx10G -XX:+UseParallelGC
# Blackhole mode: full + dont-inline hint
# Warmup: 3 iterations, 10 s each
# Measurement: 30 iterations, 10 s each
# Timeout: 10 min per iteration
# Threads: 1 thread, will synchronize iterations
# Benchmark mode: Throughput, ops/time
# Benchmark: benchmarks.SynchronizationBenchmarkTest.testAtomic
# Parameters: (threadCount = 1)

# Run progress: 0.00% complete, ETA 00:16:30
# Fork: 1 of 1
# Preparing profilers: LinuxPerfProfiler AsyncProfiler 
# Profilers consume stderr from target VM, use -v EXTRA to copy to console
# Warmup Iteration   1: 125162600.740 ops/s
# Warmup Iteration   2: 125425409.707 ops/s
# Warmup Iteration   3: 145336791.481 ops/s
Iteration   1: 144745122.448 ops/s
Iteration   2: 145265712.827 ops/s
Iteration   3: 145263351.411 ops/s
Iteration   4: 145389229.276 ops/s
Iteration   5: 145491867.769 ops/s
Iteration   6: 145329087.677 ops/s
Iteration   7: 145013982.257 ops/s
Iteration   8: 145381055.444 ops/s
Iteration   9: 144890524.253 ops/s
Iteration  10: 145845337.855 ops/s
Iteration  11: 145815988.559 ops/s
Iteration  12: 145092839.348 ops/s
Iteration  13: 145265636.594 ops/s
Iteration  14: 145268036.578 ops/s
Iteration  15: 144580519.685 ops/s
Iteration  16: 145210154.283 ops/s
Iteration  17: 145695852.906 ops/s
Iteration  18: 145464047.464 ops/s
Iteration  19: 145145311.667 ops/s
Iteration  20: 145716138.119 ops/s
Iteration  21: 145217824.186 ops/s
Iteration  22: 145387126.465 ops/s
Iteration  23: 144619923.482 ops/s
Iteration  24: 145317317.245 ops/s
Iteration  25: 145367885.879 ops/s
Iteration  26: 144787244.752 ops/s
Iteration  27: 145142809.856 ops/s
Iteration  28: 145792817.565 ops/s
Iteration  29: 145675666.745 ops/s
Iteration  30: 145926946.438 ops/s
                 ·async: (text only)

# Processing profiler results: AsyncProfiler LinuxPerfProfiler 


Result "benchmarks.SynchronizationBenchmarkTest.testAtomic":
  145303511.968 ±(99.9%) 237783.186 ops/s [Average]
  (min, avg, max) = (144580519.685, 145303511.968, 145926946.438), stdev = 355902.705
  CI (99.9%): [145065728.782, 145541295.153] (assumes normal distribution)

Secondary result "benchmarks.SynchronizationBenchmarkTest.testAtomic:·async":
Async profiler results:
  flamegraphs/benchmarks.SynchronizationBenchmarkTest.testAtomic-Throughput-threadCount-1/flame-cpu-forward.html

Secondary result "benchmarks.SynchronizationBenchmarkTest.testAtomic:·perf":
Perf stats:
--------------------------------------------------

        302,259.66 msec task-clock                #    0.908 CPUs utilized          
             6,821      context-switches          #    0.023 K/sec                  
                 1      cpu-migrations            #    0.000 K/sec                  
            17,868      page-faults               #    0.059 K/sec                  
 1,113,695,277,797      cycles                    #    3.685 GHz                      (30.77%)
 1,325,191,838,682      instructions              #    1.19  insn per cycle           (38.47%)
   221,029,982,331      branches                  #  731.259 M/sec                    (38.47%)
        77,020,315      branch-misses             #    0.03% of all branches          (38.47%)
   617,020,013,166      L1-dcache-loads           # 2041.357 M/sec                    (38.47%)
        31,746,313      L1-dcache-load-misses     #    0.01% of all L1-dcache hits    (38.46%)
         3,448,128      LLC-loads                 #    0.011 M/sec                    (30.77%)
           198,945      LLC-load-misses           #    5.77% of all LL-cache hits     (30.77%)
   <not supported>      L1-icache-loads                                             
       141,478,936      L1-icache-load-misses                                         (30.77%)
   617,410,419,627      dTLB-loads                # 2042.649 M/sec                    (30.77%)
           567,432      dTLB-load-misses          #    0.00% of all dTLB cache hits   (30.77%)
         2,292,662      iTLB-loads                #    0.008 M/sec                    (30.77%)
        39,054,275      iTLB-load-misses          # 1703.45% of all iTLB cache hits   (30.76%)
   <not supported>      L1-dcache-prefetches                                        
   <not supported>      L1-dcache-prefetch-misses                                   

     332.900186078 seconds time elapsed

     328.181844000 seconds user
       2.223426000 seconds sys




# JMH version: 1.32
# VM version: JDK 11, Java HotSpot(TM) 64-Bit Server VM, 11.0.9+7-LTS
# VM invoker: /opt/jdk/oracle/jdk-11.0.9/bin/java
# VM options: -Xms10G -Xmx10G -XX:+UseParallelGC
# Blackhole mode: full + dont-inline hint
# Warmup: 3 iterations, 10 s each
# Measurement: 30 iterations, 10 s each
# Timeout: 10 min per iteration
# Threads: 1 thread, will synchronize iterations
# Benchmark mode: Throughput, ops/time
# Benchmark: benchmarks.SynchronizationBenchmarkTest.testNonVolatileNumber
# Parameters: (threadCount = 1)

# Run progress: 33.33% complete, ETA 00:11:08
# Fork: 1 of 1
# Preparing profilers: LinuxPerfProfiler AsyncProfiler 
# Profilers consume stderr from target VM, use -v EXTRA to copy to console
# Warmup Iteration   1: 221105466.636 ops/s
# Warmup Iteration   2: 202060401.525 ops/s
# Warmup Iteration   3: 240626558.754 ops/s
Iteration   1: 240988487.766 ops/s
Iteration   2: 242514072.363 ops/s
Iteration   3: 240771580.841 ops/s
Iteration   4: 241416804.851 ops/s
Iteration   5: 241236655.429 ops/s
Iteration   6: 241486790.380 ops/s
Iteration   7: 242783394.445 ops/s
Iteration   8: 241998588.893 ops/s
Iteration   9: 241615641.963 ops/s
Iteration  10: 240314782.763 ops/s
Iteration  11: 241315332.134 ops/s
Iteration  12: 241202257.514 ops/s
Iteration  13: 239814568.171 ops/s
Iteration  14: 241245023.228 ops/s
Iteration  15: 241533175.765 ops/s
Iteration  16: 240420274.542 ops/s
Iteration  17: 242106688.367 ops/s
Iteration  18: 244539244.858 ops/s
Iteration  19: 241826561.883 ops/s
Iteration  20: 241167095.910 ops/s
Iteration  21: 241472277.767 ops/s
Iteration  22: 240373602.130 ops/s
Iteration  23: 240904914.091 ops/s
Iteration  24: 241524407.849 ops/s
Iteration  25: 240324360.180 ops/s
Iteration  26: 242755053.448 ops/s
Iteration  27: 240420468.876 ops/s
Iteration  28: 241090537.876 ops/s
Iteration  29: 241527100.547 ops/s
Iteration  30: 240837343.737 ops/s
                 ·async: (text only)

# Processing profiler results: AsyncProfiler LinuxPerfProfiler 


Result "benchmarks.SynchronizationBenchmarkTest.testNonVolatileNumber":
  241384236.286 ±(99.9%) 622570.569 ops/s [Average]
  (min, avg, max) = (239814568.171, 241384236.286, 244539244.858), stdev = 931834.389
  CI (99.9%): [240761665.717, 242006806.854] (assumes normal distribution)

Secondary result "benchmarks.SynchronizationBenchmarkTest.testNonVolatileNumber:·async":
Async profiler results:
  flamegraphs/benchmarks.SynchronizationBenchmarkTest.testNonVolatileNumber-Throughput-threadCount-1/flame-cpu-forward.html

Secondary result "benchmarks.SynchronizationBenchmarkTest.testNonVolatileNumber:·perf":
Perf stats:
--------------------------------------------------

        302,236.22 msec task-clock                #    0.908 CPUs utilized          
             7,144      context-switches          #    0.024 K/sec                  
                 1      cpu-migrations            #    0.000 K/sec                  
            22,235      page-faults               #    0.074 K/sec                  
 1,113,307,014,817      cycles                    #    3.684 GHz                      (30.76%)
 4,233,813,260,059      instructions              #    3.80  insn per cycle           (38.46%)
   584,463,489,057      branches                  # 1933.797 M/sec                    (38.46%)
        84,583,642      branch-misses             #    0.01% of all branches          (38.47%)
 1,532,582,654,527      L1-dcache-loads           # 5070.811 M/sec                    (38.47%)
        37,401,072      L1-dcache-load-misses     #    0.00% of all L1-dcache hits    (38.47%)
         4,903,017      LLC-loads                 #    0.016 M/sec                    (30.77%)
           202,536      LLC-load-misses           #    4.13% of all LL-cache hits     (30.77%)
   <not supported>      L1-icache-loads                                             
       165,973,563      L1-icache-load-misses                                         (30.77%)
 1,533,157,731,397      dTLB-loads                # 5072.713 M/sec                    (30.77%)
           826,304      dTLB-load-misses          #    0.00% of all dTLB cache hits   (30.77%)
         2,462,871      iTLB-loads                #    0.008 M/sec                    (30.76%)
        38,382,000      iTLB-load-misses          # 1558.43% of all iTLB cache hits   (30.76%)
   <not supported>      L1-dcache-prefetches                                        
   <not supported>      L1-dcache-prefetch-misses                                   

     332.853861768 seconds time elapsed

     327.973575000 seconds user
       2.331870000 seconds sys




# JMH version: 1.32
# VM version: JDK 11, Java HotSpot(TM) 64-Bit Server VM, 11.0.9+7-LTS
# VM invoker: /opt/jdk/oracle/jdk-11.0.9/bin/java
# VM options: -Xms10G -Xmx10G -XX:+UseParallelGC
# Blackhole mode: full + dont-inline hint
# Warmup: 3 iterations, 10 s each
# Measurement: 30 iterations, 10 s each
# Timeout: 10 min per iteration
# Threads: 1 thread, will synchronize iterations
# Benchmark mode: Throughput, ops/time
# Benchmark: benchmarks.SynchronizationBenchmarkTest.testVolatile
# Parameters: (threadCount = 1)

# Run progress: 66.67% complete, ETA 00:05:35
# Fork: 1 of 1
# Preparing profilers: LinuxPerfProfiler AsyncProfiler 
# Profilers consume stderr from target VM, use -v EXTRA to copy to console
# Warmup Iteration   1: 113392837.468 ops/s
# Warmup Iteration   2: 117305222.238 ops/s
# Warmup Iteration   3: 121805364.583 ops/s
Iteration   1: 120728500.022 ops/s
Iteration   2: 120741363.423 ops/s
Iteration   3: 120778741.385 ops/s
Iteration   4: 121224308.659 ops/s
Iteration   5: 121121131.695 ops/s
Iteration   6: 120366093.216 ops/s
Iteration   7: 120722863.580 ops/s
Iteration   8: 121007877.720 ops/s
Iteration   9: 120855225.633 ops/s
Iteration  10: 121049918.593 ops/s
Iteration  11: 121481997.673 ops/s
Iteration  12: 121031603.122 ops/s
Iteration  13: 120567469.618 ops/s
Iteration  14: 109960281.068 ops/s
Iteration  15: 110039732.807 ops/s
Iteration  16: 110475567.942 ops/s
Iteration  17: 109785535.915 ops/s
Iteration  18: 110424394.081 ops/s
Iteration  19: 109825983.318 ops/s
Iteration  20: 109878183.651 ops/s
Iteration  21: 109651047.452 ops/s
Iteration  22: 109617648.776 ops/s
Iteration  23: 109935102.084 ops/s
Iteration  24: 109997896.879 ops/s
Iteration  25: 109940918.868 ops/s
Iteration  26: 110302998.689 ops/s
Iteration  27: 110109807.647 ops/s
Iteration  28: 110020160.278 ops/s
Iteration  29: 110171313.129 ops/s
Iteration  30: 109747754.114 ops/s
                 ·async: (text only)

# Processing profiler results: AsyncProfiler LinuxPerfProfiler 


Result "benchmarks.SynchronizationBenchmarkTest.testVolatile":
  114718714.035 ±(99.9%) 3676314.425 ops/s [Average]
  (min, avg, max) = (109617648.776, 114718714.035, 121481997.673), stdev = 5502534.779
  CI (99.9%): [111042399.609, 118395028.460] (assumes normal distribution)

Secondary result "benchmarks.SynchronizationBenchmarkTest.testVolatile:·async":
Async profiler results:
  flamegraphs/benchmarks.SynchronizationBenchmarkTest.testVolatile-Throughput-threadCount-1/flame-cpu-forward.html

Secondary result "benchmarks.SynchronizationBenchmarkTest.testVolatile:·perf":
Perf stats:
--------------------------------------------------

        302,221.69 msec task-clock                #    0.908 CPUs utilized          
             6,813      context-switches          #    0.023 K/sec                  
                 5      cpu-migrations            #    0.000 K/sec                  
            17,863      page-faults               #    0.059 K/sec                  
 1,112,373,101,470      cycles                    #    3.681 GHz                      (30.77%)
 1,706,325,106,164      instructions              #    1.53  insn per cycle           (38.46%)
   244,175,344,556      branches                  #  807.935 M/sec                    (38.46%)
        76,544,141      branch-misses             #    0.03% of all branches          (38.47%)
   695,583,603,193      L1-dcache-loads           # 2301.567 M/sec                    (38.47%)
        29,566,135      L1-dcache-load-misses     #    0.00% of all L1-dcache hits    (38.47%)
         3,700,605      LLC-loads                 #    0.012 M/sec                    (30.77%)
           199,728      LLC-load-misses           #    5.40% of all LL-cache hits     (30.77%)
   <not supported>      L1-icache-loads                                             
       134,323,615      L1-icache-load-misses                                         (30.76%)
   695,938,495,810      dTLB-loads                # 2302.742 M/sec                    (30.77%)
           711,697      dTLB-load-misses          #    0.00% of all dTLB cache hits   (30.77%)
         2,271,584      iTLB-loads                #    0.008 M/sec                    (30.76%)
        41,880,769      iTLB-load-misses          # 1843.68% of all iTLB cache hits   (30.77%)
   <not supported>      L1-dcache-prefetches                                        
   <not supported>      L1-dcache-prefetch-misses                                   

     332.840129073 seconds time elapsed

     328.025258000 seconds user
       2.307703000 seconds sys




# Run complete. Total time: 00:16:46

REMEMBER: The numbers below are just data. To gain reusable insights, you need to follow up on
why the numbers are the way they are. Use profilers (see -prof, -lprof), design factorial
experiments, perform baseline and negative tests that provide experimental control, make sure
the benchmarking environment is safe on JVM/OS/HW level, ask for reviews from the domain experts.
Do not assume the numbers tell you what you want them to tell.

Benchmark                                                  (threadCount)   Mode  Cnt          Score         Error      Units
SynchronizationBenchmarkTest.testAtomic                                1  thrpt   30  145303511.968 ±  237783.186      ops/s
SynchronizationBenchmarkTest.testAtomic:·async                         1  thrpt                 NaN                      ---
SynchronizationBenchmarkTest.testAtomic:·cpi                           1  thrpt               0.840                clks/insn
SynchronizationBenchmarkTest.testAtomic:·ipc                           1  thrpt               1.190                insns/clk
SynchronizationBenchmarkTest.testAtomic:·perf                          1  thrpt                 NaN                      ---
SynchronizationBenchmarkTest.testNonVolatileNumber                     1  thrpt   30  241384236.286 ±  622570.569      ops/s
SynchronizationBenchmarkTest.testNonVolatileNumber:·async              1  thrpt                 NaN                      ---
SynchronizationBenchmarkTest.testNonVolatileNumber:·cpi                1  thrpt               0.263                clks/insn
SynchronizationBenchmarkTest.testNonVolatileNumber:·ipc                1  thrpt               3.803                insns/clk
SynchronizationBenchmarkTest.testNonVolatileNumber:·perf               1  thrpt                 NaN                      ---
SynchronizationBenchmarkTest.testVolatile                              1  thrpt   30  114718714.035 ± 3676314.425      ops/s
SynchronizationBenchmarkTest.testVolatile:·async                       1  thrpt                 NaN                      ---
SynchronizationBenchmarkTest.testVolatile:·cpi                         1  thrpt               0.652                clks/insn
SynchronizationBenchmarkTest.testVolatile:·ipc                         1  thrpt               1.534                insns/clk
SynchronizationBenchmarkTest.testVolatile:·perf                        1  thrpt                 NaN                      ---

Benchmark result is saved to results/result_Java__HotSpot(TM)__64-Bit__Server__VM_11_18.9_11.0.9__7-LTS_tc1.csv
# JMH version: 1.32
# VM version: JDK 11, Java HotSpot(TM) 64-Bit Server VM, 11.0.9+7-LTS
# VM invoker: /opt/jdk/oracle/jdk-11.0.9/bin/java
# VM options: -Xms10G -Xmx10G -XX:+UseParallelGC
# Blackhole mode: full + dont-inline hint
# Warmup: 3 iterations, 10 s each
# Measurement: 30 iterations, 10 s each
# Timeout: 10 min per iteration
# Threads: 8 threads, will synchronize iterations
# Benchmark mode: Throughput, ops/time
# Benchmark: benchmarks.SynchronizationBenchmarkTest.testAtomic
# Parameters: (threadCount = 8)

# Run progress: 0.00% complete, ETA 00:16:30
# Fork: 1 of 1
# Preparing profilers: LinuxPerfProfiler AsyncProfiler 
# Profilers consume stderr from target VM, use -v EXTRA to copy to console
# Warmup Iteration   1: 38053285.321 ops/s
# Warmup Iteration   2: 36822157.745 ops/s
# Warmup Iteration   3: 44898671.682 ops/s
Iteration   1: 45199823.043 ops/s
Iteration   2: 45491169.295 ops/s
Iteration   3: 45306201.498 ops/s
Iteration   4: 45637174.179 ops/s
Iteration   5: 45797354.815 ops/s
Iteration   6: 45622438.433 ops/s
Iteration   7: 45965870.884 ops/s
Iteration   8: 45748648.549 ops/s
Iteration   9: 43363778.734 ops/s
Iteration  10: 43044089.582 ops/s
Iteration  11: 43089122.711 ops/s
Iteration  12: 42916422.035 ops/s
Iteration  13: 42962783.468 ops/s
Iteration  14: 42993783.246 ops/s
Iteration  15: 42936760.847 ops/s
Iteration  16: 43027229.627 ops/s
Iteration  17: 43056980.167 ops/s
Iteration  18: 43049051.025 ops/s
Iteration  19: 43135857.165 ops/s
Iteration  20: 43014042.347 ops/s
Iteration  21: 42944287.005 ops/s
Iteration  22: 42913040.100 ops/s
Iteration  23: 42883151.428 ops/s
Iteration  24: 43023326.221 ops/s
Iteration  25: 42982168.267 ops/s
Iteration  26: 43138684.973 ops/s
Iteration  27: 43124930.952 ops/s
Iteration  28: 42859062.033 ops/s
Iteration  29: 42946402.234 ops/s
Iteration  30: 42995164.325 ops/s
                 ·async: (text only)

# Processing profiler results: AsyncProfiler LinuxPerfProfiler 


Result "benchmarks.SynchronizationBenchmarkTest.testAtomic":
  43705626.640 ±(99.9%) 781685.462 ops/s [Average]
  (min, avg, max) = (42859062.033, 43705626.640, 45965870.884), stdev = 1169990.089
  CI (99.9%): [42923941.178, 44487312.102] (assumes normal distribution)

Secondary result "benchmarks.SynchronizationBenchmarkTest.testAtomic:·async":
Async profiler results:
  flamegraphs/benchmarks.SynchronizationBenchmarkTest.testAtomic-Throughput-threadCount-8/flame-cpu-forward.html

Secondary result "benchmarks.SynchronizationBenchmarkTest.testAtomic:·perf":
Perf stats:
--------------------------------------------------

      2,414,323.23 msec task-clock                #    7.254 CPUs utilized          
             8,690      context-switches          #    0.004 K/sec                  
                11      cpu-migrations            #    0.000 K/sec                  
            17,385      page-faults               #    0.007 K/sec                  
 8,982,098,100,958      cycles                    #    3.720 GHz                      (30.77%)
   472,415,658,216      instructions              #    0.05  insn per cycle           (38.46%)
    79,884,266,099      branches                  #   33.088 M/sec                    (38.46%)
       291,093,567      branch-misses             #    0.36% of all branches          (38.46%)
   208,649,419,034      L1-dcache-loads           #   86.421 M/sec                    (38.46%)
     5,789,228,796      L1-dcache-load-misses     #    2.77% of all L1-dcache hits    (38.46%)
       705,765,317      LLC-loads                 #    0.292 M/sec                    (30.77%)
       161,803,685      LLC-load-misses           #   22.93% of all LL-cache hits     (30.77%)
   <not supported>      L1-icache-loads                                             
       402,925,744      L1-icache-load-misses                                         (30.77%)
   208,746,126,772      dTLB-loads                #   86.462 M/sec                    (30.77%)
         1,208,113      dTLB-load-misses          #    0.00% of all dTLB cache hits   (30.77%)
        11,378,886      iTLB-loads                #    0.005 M/sec                    (30.77%)
       408,026,535      iTLB-load-misses          # 3585.82% of all iTLB cache hits   (30.77%)
   <not supported>      L1-dcache-prefetches                                        
   <not supported>      L1-dcache-prefetch-misses                                   

     332.811843399 seconds time elapsed

    2614.373581000 seconds user
       2.241940000 seconds sys




# JMH version: 1.32
# VM version: JDK 11, Java HotSpot(TM) 64-Bit Server VM, 11.0.9+7-LTS
# VM invoker: /opt/jdk/oracle/jdk-11.0.9/bin/java
# VM options: -Xms10G -Xmx10G -XX:+UseParallelGC
# Blackhole mode: full + dont-inline hint
# Warmup: 3 iterations, 10 s each
# Measurement: 30 iterations, 10 s each
# Timeout: 10 min per iteration
# Threads: 8 threads, will synchronize iterations
# Benchmark mode: Throughput, ops/time
# Benchmark: benchmarks.SynchronizationBenchmarkTest.testNonVolatileNumber
# Parameters: (threadCount = 8)

# Run progress: 33.33% complete, ETA 00:11:07
# Fork: 1 of 1
# Preparing profilers: LinuxPerfProfiler AsyncProfiler 
# Profilers consume stderr from target VM, use -v EXTRA to copy to console
# Warmup Iteration   1: 5779391.102 ops/s
# Warmup Iteration   2: 4693893.484 ops/s
# Warmup Iteration   3: 4969587.196 ops/s
Iteration   1: 5408187.669 ops/s
Iteration   2: 5419159.793 ops/s
Iteration   3: 5376795.377 ops/s
Iteration   4: 5260393.104 ops/s
Iteration   5: 5615471.302 ops/s
Iteration   6: 5746151.980 ops/s
Iteration   7: 5974071.788 ops/s
Iteration   8: 6317136.551 ops/s
Iteration   9: 5729647.437 ops/s
Iteration  10: 4908255.906 ops/s
Iteration  11: 4922235.224 ops/s
Iteration  12: 6040044.924 ops/s
Iteration  13: 5368377.575 ops/s
Iteration  14: 5760071.890 ops/s
Iteration  15: 5757884.624 ops/s
Iteration  16: 5746028.329 ops/s
Iteration  17: 5767443.967 ops/s
Iteration  18: 5750249.363 ops/s
Iteration  19: 5885389.852 ops/s
Iteration  20: 5967094.600 ops/s
Iteration  21: 5879747.288 ops/s
Iteration  22: 5880177.696 ops/s
Iteration  23: 5807484.165 ops/s
Iteration  24: 5750978.554 ops/s
Iteration  25: 5734404.843 ops/s
Iteration  26: 5711496.175 ops/s
Iteration  27: 5711679.110 ops/s
Iteration  28: 5702602.239 ops/s
Iteration  29: 5720035.590 ops/s
Iteration  30: 5651400.699 ops/s
                 ·async: (text only)

# Processing profiler results: AsyncProfiler LinuxPerfProfiler 


Result "benchmarks.SynchronizationBenchmarkTest.testNonVolatileNumber":
  5675669.921 ±(99.9%) 198988.674 ops/s [Average]
  (min, avg, max) = (4908255.906, 5675669.921, 6317136.551), stdev = 297836.902
  CI (99.9%): [5476681.247, 5874658.594] (assumes normal distribution)

Secondary result "benchmarks.SynchronizationBenchmarkTest.testNonVolatileNumber:·async":
Async profiler results:
  flamegraphs/benchmarks.SynchronizationBenchmarkTest.testNonVolatileNumber-Throughput-threadCount-8/flame-cpu-forward.html

Secondary result "benchmarks.SynchronizationBenchmarkTest.testNonVolatileNumber:·perf":
Perf stats:
--------------------------------------------------

      1,031,466.02 msec task-clock                #    3.099 CPUs utilized          
        25,947,795      context-switches          #    0.025 M/sec                  
                93      cpu-migrations            #    0.000 K/sec                  
            17,424      page-faults               #    0.017 K/sec                  
 3,723,170,724,110      cycles                    #    3.610 GHz                      (30.81%)
   825,218,513,865      instructions              #    0.22  insn per cycle           (38.51%)
   197,694,474,963      branches                  #  191.664 M/sec                    (38.46%)
     3,321,198,146      branch-misses             #    1.68% of all branches          (38.43%)
   238,869,904,463      L1-dcache-loads           #  231.583 M/sec                    (38.43%)
    13,783,221,222      L1-dcache-load-misses     #    5.77% of all L1-dcache hits    (38.40%)
     4,016,317,269      LLC-loads                 #    3.894 M/sec                    (30.78%)
     2,200,404,194      LLC-load-misses           #   54.79% of all LL-cache hits     (30.83%)
   <not supported>      L1-icache-loads                                             
    20,548,275,261      L1-icache-load-misses                                         (30.81%)
   239,957,429,113      dTLB-loads                #  232.637 M/sec                    (30.78%)
        10,318,813      dTLB-load-misses          #    0.00% of all dTLB cache hits   (30.76%)
       766,876,156      iTLB-loads                #    0.743 M/sec                    (30.74%)
     2,608,605,137      iTLB-load-misses          #  340.16% of all iTLB cache hits   (30.76%)
   <not supported>      L1-dcache-prefetches                                        
   <not supported>      L1-dcache-prefetch-misses                                   

     332.877295448 seconds time elapsed

    1016.395440000 seconds user
     161.829735000 seconds sys




# JMH version: 1.32
# VM version: JDK 11, Java HotSpot(TM) 64-Bit Server VM, 11.0.9+7-LTS
# VM invoker: /opt/jdk/oracle/jdk-11.0.9/bin/java
# VM options: -Xms10G -Xmx10G -XX:+UseParallelGC
# Blackhole mode: full + dont-inline hint
# Warmup: 3 iterations, 10 s each
# Measurement: 30 iterations, 10 s each
# Timeout: 10 min per iteration
# Threads: 8 threads, will synchronize iterations
# Benchmark mode: Throughput, ops/time
# Benchmark: benchmarks.SynchronizationBenchmarkTest.testVolatile
# Parameters: (threadCount = 8)

# Run progress: 66.67% complete, ETA 00:05:35
# Fork: 1 of 1
# Preparing profilers: LinuxPerfProfiler AsyncProfiler 
# Profilers consume stderr from target VM, use -v EXTRA to copy to console
# Warmup Iteration   1: 4901611.222 ops/s
# Warmup Iteration   2: 4712527.061 ops/s
# Warmup Iteration   3: 5356658.320 ops/s
Iteration   1: 6209981.276 ops/s
Iteration   2: 6312817.767 ops/s
Iteration   3: 6315136.888 ops/s
Iteration   4: 6318519.354 ops/s
Iteration   5: 6253025.581 ops/s
Iteration   6: 6182241.980 ops/s
Iteration   7: 6205782.959 ops/s
Iteration   8: 6164433.057 ops/s
Iteration   9: 6232263.322 ops/s
Iteration  10: 6274323.205 ops/s
Iteration  11: 6234669.449 ops/s
Iteration  12: 5905736.951 ops/s
Iteration  13: 6243337.760 ops/s
Iteration  14: 5929273.680 ops/s
Iteration  15: 5930838.054 ops/s
Iteration  16: 6005056.530 ops/s
Iteration  17: 5975256.699 ops/s
Iteration  18: 6406507.737 ops/s
Iteration  19: 5984522.511 ops/s
Iteration  20: 6001291.992 ops/s
Iteration  21: 6013684.690 ops/s
Iteration  22: 6008211.693 ops/s
Iteration  23: 6025541.782 ops/s
Iteration  24: 5987170.621 ops/s
Iteration  25: 5963342.636 ops/s
Iteration  26: 5961134.262 ops/s
Iteration  27: 5976350.276 ops/s
Iteration  28: 5954012.935 ops/s
Iteration  29: 5976349.907 ops/s
Iteration  30: 5949398.018 ops/s
                 ·async: (text only)

# Processing profiler results: AsyncProfiler LinuxPerfProfiler 


Result "benchmarks.SynchronizationBenchmarkTest.testVolatile":
  6096673.786 ±(99.9%) 101321.177 ops/s [Average]
  (min, avg, max) = (5905736.951, 6096673.786, 6406507.737), stdev = 151652.779
  CI (99.9%): [5995352.609, 6197994.962] (assumes normal distribution)

Secondary result "benchmarks.SynchronizationBenchmarkTest.testVolatile:·async":
Async profiler results:
  flamegraphs/benchmarks.SynchronizationBenchmarkTest.testVolatile-Throughput-threadCount-8/flame-cpu-forward.html

Secondary result "benchmarks.SynchronizationBenchmarkTest.testVolatile:·perf":
Perf stats:
--------------------------------------------------

        944,883.35 msec task-clock                #    2.839 CPUs utilized          
        24,179,747      context-switches          #    0.026 M/sec                  
                55      cpu-migrations            #    0.000 K/sec                  
            20,395      page-faults               #    0.022 K/sec                  
 3,291,411,003,124      cycles                    #    3.483 GHz                      (30.77%)
   835,689,221,647      instructions              #    0.25  insn per cycle           (38.46%)
   203,909,422,593      branches                  #  215.804 M/sec                    (38.48%)
     2,853,039,603      branch-misses             #    1.40% of all branches          (38.48%)
   242,834,574,600      L1-dcache-loads           #  257.000 M/sec                    (38.48%)
    12,338,413,945      L1-dcache-load-misses     #    5.08% of all L1-dcache hits    (38.45%)
     3,863,036,725      LLC-loads                 #    4.088 M/sec                    (30.79%)
     2,321,951,384      LLC-load-misses           #   60.11% of all LL-cache hits     (30.79%)
   <not supported>      L1-icache-loads                                             
    18,468,430,750      L1-icache-load-misses                                         (30.76%)
   243,904,180,774      dTLB-loads                #  258.132 M/sec                    (30.78%)
        10,004,670      dTLB-load-misses          #    0.00% of all dTLB cache hits   (30.73%)
       646,128,751      iTLB-loads                #    0.684 M/sec                    (30.74%)
     2,300,846,707      iTLB-load-misses          #  356.10% of all iTLB cache hits   (30.76%)
   <not supported>      L1-dcache-prefetches                                        
   <not supported>      L1-dcache-prefetch-misses                                   

     332.856765305 seconds time elapsed

     922.836970000 seconds user
     157.301007000 seconds sys




# Run complete. Total time: 00:16:46

REMEMBER: The numbers below are just data. To gain reusable insights, you need to follow up on
why the numbers are the way they are. Use profilers (see -prof, -lprof), design factorial
experiments, perform baseline and negative tests that provide experimental control, make sure
the benchmarking environment is safe on JVM/OS/HW level, ask for reviews from the domain experts.
Do not assume the numbers tell you what you want them to tell.

Benchmark                                                  (threadCount)   Mode  Cnt         Score        Error      Units
SynchronizationBenchmarkTest.testAtomic                                8  thrpt   30  43705626.640 ± 781685.462      ops/s
SynchronizationBenchmarkTest.testAtomic:·async                         8  thrpt                NaN                     ---
SynchronizationBenchmarkTest.testAtomic:·cpi                           8  thrpt             19.013               clks/insn
SynchronizationBenchmarkTest.testAtomic:·ipc                           8  thrpt              0.053               insns/clk
SynchronizationBenchmarkTest.testAtomic:·perf                          8  thrpt                NaN                     ---
SynchronizationBenchmarkTest.testNonVolatileNumber                     8  thrpt   30   5675669.921 ± 198988.674      ops/s
SynchronizationBenchmarkTest.testNonVolatileNumber:·async              8  thrpt                NaN                     ---
SynchronizationBenchmarkTest.testNonVolatileNumber:·cpi                8  thrpt              4.512               clks/insn
SynchronizationBenchmarkTest.testNonVolatileNumber:·ipc                8  thrpt              0.222               insns/clk
SynchronizationBenchmarkTest.testNonVolatileNumber:·perf               8  thrpt                NaN                     ---
SynchronizationBenchmarkTest.testVolatile                              8  thrpt   30   6096673.786 ± 101321.177      ops/s
SynchronizationBenchmarkTest.testVolatile:·async                       8  thrpt                NaN                     ---
SynchronizationBenchmarkTest.testVolatile:·cpi                         8  thrpt              3.939               clks/insn
SynchronizationBenchmarkTest.testVolatile:·ipc                         8  thrpt              0.254               insns/clk
SynchronizationBenchmarkTest.testVolatile:·perf                        8  thrpt                NaN                     ---

Benchmark result is saved to results/result_Java__HotSpot(TM)__64-Bit__Server__VM_11_18.9_11.0.9__7-LTS_tc8.csv
Tests run: 1, Failures: 0, Errors: 0, Skipped: 0, Time elapsed: 2,023.457 sec

Results :

Tests run: 2, Failures: 0, Errors: 0, Skipped: 0

flamegraphs/
flamegraphs/benchmarks.SynchronizationBenchmarkTest.testAtomic-Throughput-threadCount-1/
flamegraphs/benchmarks.SynchronizationBenchmarkTest.testAtomic-Throughput-threadCount-1/flame-cpu-forward.html
flamegraphs/benchmarks.SynchronizationBenchmarkTest.testNonVolatileNumber-Throughput-threadCount-1/
flamegraphs/benchmarks.SynchronizationBenchmarkTest.testNonVolatileNumber-Throughput-threadCount-1/flame-cpu-forward.html
flamegraphs/benchmarks.SynchronizationBenchmarkTest.testVolatile-Throughput-threadCount-1/
flamegraphs/benchmarks.SynchronizationBenchmarkTest.testVolatile-Throughput-threadCount-1/flame-cpu-forward.html
flamegraphs/benchmarks.SynchronizationBenchmarkTest.testAtomic-Throughput-threadCount-8/
flamegraphs/benchmarks.SynchronizationBenchmarkTest.testAtomic-Throughput-threadCount-8/flame-cpu-forward.html
flamegraphs/benchmarks.SynchronizationBenchmarkTest.testNonVolatileNumber-Throughput-threadCount-8/
flamegraphs/benchmarks.SynchronizationBenchmarkTest.testNonVolatileNumber-Throughput-threadCount-8/flame-cpu-forward.html
flamegraphs/benchmarks.SynchronizationBenchmarkTest.testVolatile-Throughput-threadCount-8/
flamegraphs/benchmarks.SynchronizationBenchmarkTest.testVolatile-Throughput-threadCount-8/flame-cpu-forward.html
index: 4, jdk: jdk-17, java_version: 17, jmh_version: 1.32, use_profiler: true, mvn_path: apache-maven-3.3.1

-------------------------------------------------------
 T E S T S
-------------------------------------------------------

Running benchmarks.SynchronizationBenchmarkTest
# JMH version: 1.32
# VM version: JDK 17, Java HotSpot(TM) 64-Bit Server VM, 17+35-LTS-2724
# VM invoker: /opt/jdk/oracle/jdk-17/bin/java
# VM options: -Xms10G -Xmx10G -XX:+UseParallelGC
# Blackhole mode: full + dont-inline hint
# Warmup: 3 iterations, 10 s each
# Measurement: 30 iterations, 10 s each
# Timeout: 10 min per iteration
# Threads: 1 thread, will synchronize iterations
# Benchmark mode: Throughput, ops/time
# Benchmark: benchmarks.SynchronizationBenchmarkTest.testAtomic
# Parameters: (threadCount = 1)

# Run progress: 0.00% complete, ETA 00:16:30
# Fork: 1 of 1
# Preparing profilers: LinuxPerfProfiler AsyncProfiler 
# Profilers consume stderr from target VM, use -v EXTRA to copy to console
# Warmup Iteration   1: 127880772.763 ops/s
# Warmup Iteration   2: 128140042.910 ops/s
# Warmup Iteration   3: 147723612.630 ops/s
Iteration   1: 148096040.935 ops/s
Iteration   2: 147153681.317 ops/s
Iteration   3: 149172795.339 ops/s
Iteration   4: 148320206.259 ops/s
Iteration   5: 148488069.083 ops/s
Iteration   6: 146796393.145 ops/s
Iteration   7: 148214791.939 ops/s
Iteration   8: 148264258.130 ops/s
Iteration   9: 147675428.930 ops/s
Iteration  10: 148701899.476 ops/s
Iteration  11: 147854130.476 ops/s
Iteration  12: 148275872.455 ops/s
Iteration  13: 147059137.141 ops/s
Iteration  14: 148169174.905 ops/s
Iteration  15: 147037368.339 ops/s
Iteration  16: 148709613.218 ops/s
Iteration  17: 147582051.970 ops/s
Iteration  18: 147813517.815 ops/s
Iteration  19: 147431528.792 ops/s
Iteration  20: 147080835.615 ops/s
Iteration  21: 148455429.510 ops/s
Iteration  22: 147133501.102 ops/s
Iteration  23: 147996384.031 ops/s
Iteration  24: 148044045.129 ops/s
Iteration  25: 148730474.291 ops/s
Iteration  26: 148445768.834 ops/s
Iteration  27: 149199944.832 ops/s
Iteration  28: 147759871.344 ops/s
Iteration  29: 148014116.842 ops/s
Iteration  30: 148031981.529 ops/s
                 ·async: (text only)

# Processing profiler results: AsyncProfiler LinuxPerfProfiler 


Result "benchmarks.SynchronizationBenchmarkTest.testAtomic":
  147990277.091 ±(99.9%) 422763.676 ops/s [Average]
  (min, avg, max) = (146796393.145, 147990277.091, 149199944.832), stdev = 632772.816
  CI (99.9%): [147567513.414, 148413040.767] (assumes normal distribution)

Secondary result "benchmarks.SynchronizationBenchmarkTest.testAtomic:·async":
Async profiler results:
  flamegraphs/benchmarks.SynchronizationBenchmarkTest.testAtomic-Throughput-threadCount-1/flame-cpu-forward.html

Secondary result "benchmarks.SynchronizationBenchmarkTest.testAtomic:·perf":
Perf stats:
--------------------------------------------------

        302,136.43 msec task-clock                #    0.908 CPUs utilized          
             7,149      context-switches          #    0.024 K/sec                  
                 1      cpu-migrations            #    0.000 K/sec                  
            14,240      page-faults               #    0.047 K/sec                  
 1,135,511,279,309      cycles                    #    3.758 GHz                      (30.76%)
 1,349,755,332,808      instructions              #    1.19  insn per cycle           (38.46%)
   269,827,420,960      branches                  #  893.065 M/sec                    (38.46%)
        73,974,482      branch-misses             #    0.03% of all branches          (38.46%)
   583,774,987,771      L1-dcache-loads           # 1932.157 M/sec                    (38.47%)
        45,836,123      L1-dcache-load-misses     #    0.01% of all L1-dcache hits    (38.47%)
         3,768,500      LLC-loads                 #    0.012 M/sec                    (30.77%)
           215,620      LLC-load-misses           #    5.72% of all LL-cache hits     (30.77%)
   <not supported>      L1-icache-loads                                             
       258,914,246      L1-icache-load-misses                                         (30.77%)
   583,840,421,991      dTLB-loads                # 1932.373 M/sec                    (30.77%)
           560,467      dTLB-load-misses          #    0.00% of all dTLB cache hits   (30.76%)
         6,504,889      iTLB-loads                #    0.022 M/sec                    (30.76%)
        34,102,662      iTLB-load-misses          #  524.26% of all iTLB cache hits   (30.76%)
   <not supported>      L1-dcache-prefetches                                        
   <not supported>      L1-dcache-prefetch-misses                                   

     332.809730783 seconds time elapsed

     327.953213000 seconds user
       2.232478000 seconds sys




# JMH version: 1.32
# VM version: JDK 17, Java HotSpot(TM) 64-Bit Server VM, 17+35-LTS-2724
# VM invoker: /opt/jdk/oracle/jdk-17/bin/java
# VM options: -Xms10G -Xmx10G -XX:+UseParallelGC
# Blackhole mode: full + dont-inline hint
# Warmup: 3 iterations, 10 s each
# Measurement: 30 iterations, 10 s each
# Timeout: 10 min per iteration
# Threads: 1 thread, will synchronize iterations
# Benchmark mode: Throughput, ops/time
# Benchmark: benchmarks.SynchronizationBenchmarkTest.testNonVolatileNumber
# Parameters: (threadCount = 1)

# Run progress: 33.33% complete, ETA 00:11:07
# Fork: 1 of 1
# Preparing profilers: LinuxPerfProfiler AsyncProfiler 
# Profilers consume stderr from target VM, use -v EXTRA to copy to console
# Warmup Iteration   1: 54398662.630 ops/s
# Warmup Iteration   2: 54172469.066 ops/s
# Warmup Iteration   3: 54394093.038 ops/s
Iteration   1: 54237372.287 ops/s
Iteration   2: 54195149.968 ops/s
Iteration   3: 54163942.052 ops/s
Iteration   4: 53873424.990 ops/s
Iteration   5: 54135489.613 ops/s
Iteration   6: 53981116.646 ops/s
Iteration   7: 54199220.134 ops/s
Iteration   8: 54120995.087 ops/s
Iteration   9: 54125608.616 ops/s
Iteration  10: 54154636.244 ops/s
Iteration  11: 54030712.364 ops/s
Iteration  12: 53968116.708 ops/s
Iteration  13: 54070777.527 ops/s
Iteration  14: 50994386.847 ops/s
Iteration  15: 51001674.274 ops/s
Iteration  16: 51726996.081 ops/s
Iteration  17: 51039251.257 ops/s
Iteration  18: 51069274.461 ops/s
Iteration  19: 50983203.909 ops/s
Iteration  20: 50982412.264 ops/s
Iteration  21: 50969185.868 ops/s
Iteration  22: 50928779.078 ops/s
Iteration  23: 51033244.622 ops/s
Iteration  24: 50982899.794 ops/s
Iteration  25: 51126013.932 ops/s
Iteration  26: 50933983.316 ops/s
Iteration  27: 51113010.021 ops/s
Iteration  28: 51124828.443 ops/s
Iteration  29: 51275535.797 ops/s
Iteration  30: 50903337.571 ops/s
                 ·async: (text only)

# Processing profiler results: AsyncProfiler LinuxPerfProfiler 


Result "benchmarks.SynchronizationBenchmarkTest.testNonVolatileNumber":
  52381485.992 ±(99.9%) 1024708.956 ops/s [Average]
  (min, avg, max) = (50903337.571, 52381485.992, 54237372.287), stdev = 1533736.242
  CI (99.9%): [51356777.036, 53406194.948] (assumes normal distribution)

Secondary result "benchmarks.SynchronizationBenchmarkTest.testNonVolatileNumber:·async":
Async profiler results:
  flamegraphs/benchmarks.SynchronizationBenchmarkTest.testNonVolatileNumber-Throughput-threadCount-1/flame-cpu-forward.html

Secondary result "benchmarks.SynchronizationBenchmarkTest.testNonVolatileNumber:·perf":
Perf stats:
--------------------------------------------------

        302,182.59 msec task-clock                #    0.908 CPUs utilized          
             7,417      context-switches          #    0.025 K/sec                  
                 5      cpu-migrations            #    0.000 K/sec                  
            14,892      page-faults               #    0.049 K/sec                  
 1,111,574,923,883      cycles                    #    3.678 GHz                      (30.77%)
   895,475,251,664      instructions              #    0.81  insn per cycle           (38.46%)
   191,569,527,144      branches                  #  633.953 M/sec                    (38.46%)
        73,473,075      branch-misses             #    0.04% of all branches          (38.47%)
   366,859,026,261      L1-dcache-loads           # 1214.031 M/sec                    (38.46%)
        32,858,581      L1-dcache-load-misses     #    0.01% of all L1-dcache hits    (38.46%)
         4,336,106      LLC-loads                 #    0.014 M/sec                    (30.77%)
           222,756      LLC-load-misses           #    5.14% of all LL-cache hits     (30.77%)
   <not supported>      L1-icache-loads                                             
       154,440,736      L1-icache-load-misses                                         (30.77%)
   366,790,399,728      dTLB-loads                # 1213.804 M/sec                    (30.77%)
           895,966      dTLB-load-misses          #    0.00% of all dTLB cache hits   (30.77%)
         2,142,090      iTLB-loads                #    0.007 M/sec                    (30.77%)
        42,184,273      iTLB-load-misses          # 1969.30% of all iTLB cache hits   (30.77%)
   <not supported>      L1-dcache-prefetches                                        
   <not supported>      L1-dcache-prefetch-misses                                   

     332.811656041 seconds time elapsed

     327.842546000 seconds user
       2.388217000 seconds sys




# JMH version: 1.32
# VM version: JDK 17, Java HotSpot(TM) 64-Bit Server VM, 17+35-LTS-2724
# VM invoker: /opt/jdk/oracle/jdk-17/bin/java
# VM options: -Xms10G -Xmx10G -XX:+UseParallelGC
# Blackhole mode: full + dont-inline hint
# Warmup: 3 iterations, 10 s each
# Measurement: 30 iterations, 10 s each
# Timeout: 10 min per iteration
# Threads: 1 thread, will synchronize iterations
# Benchmark mode: Throughput, ops/time
# Benchmark: benchmarks.SynchronizationBenchmarkTest.testVolatile
# Parameters: (threadCount = 1)

# Run progress: 66.67% complete, ETA 00:05:35
# Fork: 1 of 1
# Preparing profilers: LinuxPerfProfiler AsyncProfiler 
# Profilers consume stderr from target VM, use -v EXTRA to copy to console
# Warmup Iteration   1: 50510705.024 ops/s
# Warmup Iteration   2: 50638243.881 ops/s
# Warmup Iteration   3: 46521954.284 ops/s
Iteration   1: 46451428.322 ops/s
Iteration   2: 46410237.482 ops/s
Iteration   3: 46433875.985 ops/s
Iteration   4: 46693261.009 ops/s
Iteration   5: 46900337.687 ops/s
Iteration   6: 46538017.372 ops/s
Iteration   7: 46483571.136 ops/s
Iteration   8: 46417964.256 ops/s
Iteration   9: 46741759.381 ops/s
Iteration  10: 46490036.511 ops/s
Iteration  11: 46620559.318 ops/s
Iteration  12: 46512943.588 ops/s
Iteration  13: 46419179.035 ops/s
Iteration  14: 46579276.694 ops/s
Iteration  15: 46357044.413 ops/s
Iteration  16: 46526561.461 ops/s
Iteration  17: 46547839.336 ops/s
Iteration  18: 46512332.239 ops/s
Iteration  19: 46710262.921 ops/s
Iteration  20: 46429657.352 ops/s
Iteration  21: 46389236.609 ops/s
Iteration  22: 46592177.619 ops/s
Iteration  23: 46448265.135 ops/s
Iteration  24: 46369488.966 ops/s
Iteration  25: 46472303.558 ops/s
Iteration  26: 46439715.120 ops/s
Iteration  27: 46520618.322 ops/s
Iteration  28: 46723180.215 ops/s
Iteration  29: 46474896.300 ops/s
Iteration  30: 46610292.959 ops/s
                 ·async: (text only)

# Processing profiler results: AsyncProfiler LinuxPerfProfiler 


Result "benchmarks.SynchronizationBenchmarkTest.testVolatile":
  46527210.677 ±(99.9%) 84633.535 ops/s [Average]
  (min, avg, max) = (46357044.413, 46527210.677, 46900337.687), stdev = 126675.501
  CI (99.9%): [46442577.142, 46611844.212] (assumes normal distribution)

Secondary result "benchmarks.SynchronizationBenchmarkTest.testVolatile:·async":
Async profiler results:
  flamegraphs/benchmarks.SynchronizationBenchmarkTest.testVolatile-Throughput-threadCount-1/flame-cpu-forward.html

Secondary result "benchmarks.SynchronizationBenchmarkTest.testVolatile:·perf":
Perf stats:
--------------------------------------------------

        302,220.90 msec task-clock                #    0.908 CPUs utilized          
             7,123      context-switches          #    0.024 K/sec                  
                 6      cpu-migrations            #    0.000 K/sec                  
            14,063      page-faults               #    0.047 K/sec                  
 1,111,851,384,062      cycles                    #    3.679 GHz                      (30.77%)
   725,926,561,153      instructions              #    0.65  insn per cycle           (38.46%)
   156,233,615,468      branches                  #  516.952 M/sec                    (38.47%)
        55,374,518      branch-misses             #    0.04% of all branches          (38.47%)
   297,930,500,298      L1-dcache-loads           #  985.804 M/sec                    (38.47%)
        30,218,780      L1-dcache-load-misses     #    0.01% of all L1-dcache hits    (38.47%)
         4,261,269      LLC-loads                 #    0.014 M/sec                    (30.77%)
           219,402      LLC-load-misses           #    5.15% of all LL-cache hits     (30.78%)
   <not supported>      L1-icache-loads                                             
       122,804,704      L1-icache-load-misses                                         (30.77%)
   298,181,953,732      dTLB-loads                #  986.636 M/sec                    (30.76%)
           616,910      dTLB-load-misses          #    0.00% of all dTLB cache hits   (30.76%)
         1,946,211      iTLB-loads                #    0.006 M/sec                    (30.76%)
        38,294,719      iTLB-load-misses          # 1967.66% of all iTLB cache hits   (30.76%)
   <not supported>      L1-dcache-prefetches                                        
   <not supported>      L1-dcache-prefetch-misses                                   

     332.850819806 seconds time elapsed

     327.986962000 seconds user
       2.372103000 seconds sys




# Run complete. Total time: 00:16:46

REMEMBER: The numbers below are just data. To gain reusable insights, you need to follow up on
why the numbers are the way they are. Use profilers (see -prof, -lprof), design factorial
experiments, perform baseline and negative tests that provide experimental control, make sure
the benchmarking environment is safe on JVM/OS/HW level, ask for reviews from the domain experts.
Do not assume the numbers tell you what you want them to tell.

Benchmark                                                  (threadCount)   Mode  Cnt          Score         Error      Units
SynchronizationBenchmarkTest.testAtomic                                1  thrpt   30  147990277.091 ±  422763.676      ops/s
SynchronizationBenchmarkTest.testAtomic:·async                         1  thrpt                 NaN                      ---
SynchronizationBenchmarkTest.testAtomic:·cpi                           1  thrpt               0.841                clks/insn
SynchronizationBenchmarkTest.testAtomic:·ipc                           1  thrpt               1.189                insns/clk
SynchronizationBenchmarkTest.testAtomic:·perf                          1  thrpt                 NaN                      ---
SynchronizationBenchmarkTest.testNonVolatileNumber                     1  thrpt   30   52381485.992 ± 1024708.956      ops/s
SynchronizationBenchmarkTest.testNonVolatileNumber:·async              1  thrpt                 NaN                      ---
SynchronizationBenchmarkTest.testNonVolatileNumber:·cpi                1  thrpt               1.241                clks/insn
SynchronizationBenchmarkTest.testNonVolatileNumber:·ipc                1  thrpt               0.806                insns/clk
SynchronizationBenchmarkTest.testNonVolatileNumber:·perf               1  thrpt                 NaN                      ---
SynchronizationBenchmarkTest.testVolatile                              1  thrpt   30   46527210.677 ±   84633.535      ops/s
SynchronizationBenchmarkTest.testVolatile:·async                       1  thrpt                 NaN                      ---
SynchronizationBenchmarkTest.testVolatile:·cpi                         1  thrpt               1.532                clks/insn
SynchronizationBenchmarkTest.testVolatile:·ipc                         1  thrpt               0.653                insns/clk
SynchronizationBenchmarkTest.testVolatile:·perf                        1  thrpt                 NaN                      ---

Benchmark result is saved to results/result_Java__HotSpot(TM)__64-Bit__Server__VM_17__17__35-LTS-2724_tc1.csv
# JMH version: 1.32
# VM version: JDK 17, Java HotSpot(TM) 64-Bit Server VM, 17+35-LTS-2724
# VM invoker: /opt/jdk/oracle/jdk-17/bin/java
# VM options: -Xms10G -Xmx10G -XX:+UseParallelGC
# Blackhole mode: full + dont-inline hint
# Warmup: 3 iterations, 10 s each
# Measurement: 30 iterations, 10 s each
# Timeout: 10 min per iteration
# Threads: 8 threads, will synchronize iterations
# Benchmark mode: Throughput, ops/time
# Benchmark: benchmarks.SynchronizationBenchmarkTest.testAtomic
# Parameters: (threadCount = 8)

# Run progress: 0.00% complete, ETA 00:16:30
# Fork: 1 of 1
# Preparing profilers: LinuxPerfProfiler AsyncProfiler 
# Profilers consume stderr from target VM, use -v EXTRA to copy to console
# Warmup Iteration   1: 38802389.525 ops/s
# Warmup Iteration   2: 36893970.698 ops/s
# Warmup Iteration   3: 42684317.016 ops/s
Iteration   1: 43157346.936 ops/s
Iteration   2: 43689314.561 ops/s
Iteration   3: 43704649.532 ops/s
Iteration   4: 43699403.811 ops/s
Iteration   5: 43714641.726 ops/s
Iteration   6: 43686604.568 ops/s
Iteration   7: 43700423.460 ops/s
Iteration   8: 43713794.434 ops/s
Iteration   9: 43701778.080 ops/s
Iteration  10: 43717254.790 ops/s
Iteration  11: 43693526.410 ops/s
Iteration  12: 43699142.469 ops/s
Iteration  13: 43692028.165 ops/s
Iteration  14: 43696574.495 ops/s
Iteration  15: 43720060.865 ops/s
Iteration  16: 43734153.619 ops/s
Iteration  17: 43723614.654 ops/s
Iteration  18: 43708941.457 ops/s
Iteration  19: 43693853.048 ops/s
Iteration  20: 43717744.573 ops/s
Iteration  21: 43716918.095 ops/s
Iteration  22: 43720237.682 ops/s
Iteration  23: 43704876.169 ops/s
Iteration  24: 43708718.904 ops/s
Iteration  25: 43720892.608 ops/s
Iteration  26: 43717219.164 ops/s
Iteration  27: 43723850.615 ops/s
Iteration  28: 43714758.574 ops/s
Iteration  29: 43740444.450 ops/s
Iteration  30: 43729608.878 ops/s
                 ·async: (text only)

# Processing profiler results: AsyncProfiler LinuxPerfProfiler 


Result "benchmarks.SynchronizationBenchmarkTest.testAtomic":
  43692079.226 ±(99.9%) 68079.755 ops/s [Average]
  (min, avg, max) = (43157346.936, 43692079.226, 43740444.450), stdev = 101898.579
  CI (99.9%): [43623999.472, 43760158.981] (assumes normal distribution)

Secondary result "benchmarks.SynchronizationBenchmarkTest.testAtomic:·async":
Async profiler results:
  flamegraphs/benchmarks.SynchronizationBenchmarkTest.testAtomic-Throughput-threadCount-8/flame-cpu-forward.html

Secondary result "benchmarks.SynchronizationBenchmarkTest.testAtomic:·perf":
Perf stats:
--------------------------------------------------

      2,414,116.39 msec task-clock                #    7.254 CPUs utilized          
             8,887      context-switches          #    0.004 K/sec                  
                 8      cpu-migrations            #    0.000 K/sec                  
            16,286      page-faults               #    0.007 K/sec                  
 8,986,061,853,334      cycles                    #    3.722 GHz                      (30.77%)
   471,945,066,019      instructions              #    0.05  insn per cycle           (38.46%)
    92,982,461,475      branches                  #   38.516 M/sec                    (38.46%)
       285,904,449      branch-misses             #    0.31% of all branches          (38.46%)
   195,344,485,304      L1-dcache-loads           #   80.918 M/sec                    (38.46%)
     4,854,805,812      L1-dcache-load-misses     #    2.49% of all L1-dcache hits    (38.46%)
        30,653,133      LLC-loads                 #    0.013 M/sec                    (30.77%)
         9,079,236      LLC-load-misses           #   29.62% of all LL-cache hits     (30.77%)
   <not supported>      L1-icache-loads                                             
       281,498,414      L1-icache-load-misses                                         (30.77%)
   195,407,773,567      dTLB-loads                #   80.944 M/sec                    (30.77%)
         1,420,592      dTLB-load-misses          #    0.00% of all dTLB cache hits   (30.77%)
         8,243,048      iTLB-loads                #    0.003 M/sec                    (30.77%)
       361,979,060      iTLB-load-misses          # 4391.33% of all iTLB cache hits   (30.77%)
   <not supported>      L1-dcache-prefetches                                        
   <not supported>      L1-dcache-prefetch-misses                                   

     332.817200602 seconds time elapsed

    2614.493460000 seconds user
       2.363500000 seconds sys




# JMH version: 1.32
# VM version: JDK 17, Java HotSpot(TM) 64-Bit Server VM, 17+35-LTS-2724
# VM invoker: /opt/jdk/oracle/jdk-17/bin/java
# VM options: -Xms10G -Xmx10G -XX:+UseParallelGC
# Blackhole mode: full + dont-inline hint
# Warmup: 3 iterations, 10 s each
# Measurement: 30 iterations, 10 s each
# Timeout: 10 min per iteration
# Threads: 8 threads, will synchronize iterations
# Benchmark mode: Throughput, ops/time
# Benchmark: benchmarks.SynchronizationBenchmarkTest.testNonVolatileNumber
# Parameters: (threadCount = 8)

# Run progress: 33.33% complete, ETA 00:11:07
# Fork: 1 of 1
# Preparing profilers: LinuxPerfProfiler AsyncProfiler 
# Profilers consume stderr from target VM, use -v EXTRA to copy to console
# Warmup Iteration   1: 6133256.204 ops/s
# Warmup Iteration   2: 5488822.162 ops/s
# Warmup Iteration   3: 7193344.097 ops/s
Iteration   1: 8189294.899 ops/s
Iteration   2: 8113762.384 ops/s
Iteration   3: 8160194.877 ops/s
Iteration   4: 8187144.428 ops/s
Iteration   5: 8074632.501 ops/s
Iteration   6: 8130972.851 ops/s
Iteration   7: 8175722.072 ops/s
Iteration   8: 8143251.971 ops/s
Iteration   9: 8126617.246 ops/s
Iteration  10: 8077491.690 ops/s
Iteration  11: 8051510.213 ops/s
Iteration  12: 8149530.813 ops/s
Iteration  13: 8279760.205 ops/s
Iteration  14: 8180279.813 ops/s
Iteration  15: 8175000.779 ops/s
Iteration  16: 8191901.217 ops/s
Iteration  17: 8144939.697 ops/s
Iteration  18: 8166759.718 ops/s
Iteration  19: 8181120.301 ops/s
Iteration  20: 8210392.251 ops/s
Iteration  21: 8191209.991 ops/s
Iteration  22: 8155592.286 ops/s
Iteration  23: 8201027.072 ops/s
Iteration  24: 8143905.593 ops/s
Iteration  25: 8354328.612 ops/s
Iteration  26: 8430738.341 ops/s
Iteration  27: 8327734.075 ops/s
Iteration  28: 8007251.060 ops/s
Iteration  29: 8170925.632 ops/s
Iteration  30: 8134022.584 ops/s
                 ·async: (text only)

# Processing profiler results: AsyncProfiler LinuxPerfProfiler 


Result "benchmarks.SynchronizationBenchmarkTest.testNonVolatileNumber":
  8174233.839 ±(99.9%) 57073.967 ops/s [Average]
  (min, avg, max) = (8007251.060, 8174233.839, 8430738.341), stdev = 85425.634
  CI (99.9%): [8117159.872, 8231307.807] (assumes normal distribution)

Secondary result "benchmarks.SynchronizationBenchmarkTest.testNonVolatileNumber:·async":
Async profiler results:
  flamegraphs/benchmarks.SynchronizationBenchmarkTest.testNonVolatileNumber-Throughput-threadCount-8/flame-cpu-forward.html

Secondary result "benchmarks.SynchronizationBenchmarkTest.testNonVolatileNumber:·perf":
Perf stats:
--------------------------------------------------

        964,914.95 msec task-clock                #    2.899 CPUs utilized          
        22,840,818      context-switches          #    0.024 M/sec                  
               118      cpu-migrations            #    0.000 K/sec                  
            17,440      page-faults               #    0.018 K/sec                  
 3,331,264,381,921      cycles                    #    3.452 GHz                      (30.77%)
   710,156,499,439      instructions              #    0.21  insn per cycle           (38.48%)
   180,156,966,941      branches                  #  186.708 M/sec                    (38.49%)
     2,829,831,319      branch-misses             #    1.57% of all branches          (38.46%)
   217,351,255,227      L1-dcache-loads           #  225.254 M/sec                    (38.44%)
    14,193,000,495      L1-dcache-load-misses     #    6.53% of all L1-dcache hits    (38.43%)
     4,968,298,967      LLC-loads                 #    5.149 M/sec                    (30.74%)
     2,681,943,627      LLC-load-misses           #   53.98% of all LL-cache hits     (30.77%)
   <not supported>      L1-icache-loads                                             
    16,346,347,949      L1-icache-load-misses                                         (30.80%)
   217,993,197,456      dTLB-loads                #  225.920 M/sec                    (30.80%)
         7,910,235      dTLB-load-misses          #    0.00% of all dTLB cache hits   (30.77%)
       616,418,032      iTLB-loads                #    0.639 M/sec                    (30.76%)
     2,406,173,189      iTLB-load-misses          #  390.35% of all iTLB cache hits   (30.76%)
   <not supported>      L1-dcache-prefetches                                        
   <not supported>      L1-dcache-prefetch-misses                                   

     332.830823844 seconds time elapsed

     955.557299000 seconds user
     145.710250000 seconds sys




# JMH version: 1.32
# VM version: JDK 17, Java HotSpot(TM) 64-Bit Server VM, 17+35-LTS-2724
# VM invoker: /opt/jdk/oracle/jdk-17/bin/java
# VM options: -Xms10G -Xmx10G -XX:+UseParallelGC
# Blackhole mode: full + dont-inline hint
# Warmup: 3 iterations, 10 s each
# Measurement: 30 iterations, 10 s each
# Timeout: 10 min per iteration
# Threads: 8 threads, will synchronize iterations
# Benchmark mode: Throughput, ops/time
# Benchmark: benchmarks.SynchronizationBenchmarkTest.testVolatile
# Parameters: (threadCount = 8)

# Run progress: 66.67% complete, ETA 00:05:35
# Fork: 1 of 1
# Preparing profilers: LinuxPerfProfiler AsyncProfiler 
# Profilers consume stderr from target VM, use -v EXTRA to copy to console
# Warmup Iteration   1: 4362147.619 ops/s
# Warmup Iteration   2: 4105645.474 ops/s
# Warmup Iteration   3: 3903511.544 ops/s
Iteration   1: 4510099.154 ops/s
Iteration   2: 4628881.683 ops/s
Iteration   3: 4626107.225 ops/s
Iteration   4: 4642439.120 ops/s
Iteration   5: 4652688.378 ops/s
Iteration   6: 4635340.964 ops/s
Iteration   7: 4647511.287 ops/s
Iteration   8: 4666679.037 ops/s
Iteration   9: 4634202.208 ops/s
Iteration  10: 4661715.945 ops/s
Iteration  11: 4605799.970 ops/s
Iteration  12: 4384241.372 ops/s
Iteration  13: 4407122.125 ops/s
Iteration  14: 4458884.855 ops/s
Iteration  15: 4433983.819 ops/s
Iteration  16: 4426551.786 ops/s
Iteration  17: 4357991.171 ops/s
Iteration  18: 4361082.921 ops/s
Iteration  19: 4287718.092 ops/s
Iteration  20: 4295897.198 ops/s
Iteration  21: 4088935.308 ops/s
Iteration  22: 4268922.177 ops/s
Iteration  23: 4320726.844 ops/s
Iteration  24: 4364970.817 ops/s
Iteration  25: 4368801.267 ops/s
Iteration  26: 4400827.902 ops/s
Iteration  27: 4487396.975 ops/s
Iteration  28: 4549007.644 ops/s
Iteration  29: 4535428.679 ops/s
Iteration  30: 4595093.795 ops/s
                 ·async: (text only)

# Processing profiler results: AsyncProfiler LinuxPerfProfiler 


Result "benchmarks.SynchronizationBenchmarkTest.testVolatile":
  4476834.991 ±(99.9%) 100457.742 ops/s [Average]
  (min, avg, max) = (4088935.308, 4476834.991, 4666679.037), stdev = 150360.431
  CI (99.9%): [4376377.248, 4577292.733] (assumes normal distribution)

Secondary result "benchmarks.SynchronizationBenchmarkTest.testVolatile:·async":
Async profiler results:
  flamegraphs/benchmarks.SynchronizationBenchmarkTest.testVolatile-Throughput-threadCount-8/flame-cpu-forward.html

Secondary result "benchmarks.SynchronizationBenchmarkTest.testVolatile:·perf":
Perf stats:
--------------------------------------------------

        935,832.43 msec task-clock                #    2.812 CPUs utilized          
        22,027,352      context-switches          #    0.024 M/sec                  
               162      cpu-migrations            #    0.000 K/sec                  
            18,296      page-faults               #    0.020 K/sec                  
 3,079,564,958,236      cycles                    #    3.291 GHz                      (30.80%)
   581,577,478,644      instructions              #    0.19  insn per cycle           (38.48%)
   148,088,347,539      branches                  #  158.242 M/sec                    (38.45%)
     2,581,803,408      branch-misses             #    1.74% of all branches          (38.48%)
   172,774,124,005      L1-dcache-loads           #  184.621 M/sec                    (38.44%)
    13,053,079,548      L1-dcache-load-misses     #    7.55% of all L1-dcache hits    (38.44%)
     4,550,473,843      LLC-loads                 #    4.862 M/sec                    (30.76%)
     2,662,241,328      LLC-load-misses           #   58.50% of all LL-cache hits     (30.77%)
   <not supported>      L1-icache-loads                                             
    15,598,456,101      L1-icache-load-misses                                         (30.75%)
   173,538,171,212      dTLB-loads                #  185.437 M/sec                    (30.77%)
         8,281,550      dTLB-load-misses          #    0.00% of all dTLB cache hits   (30.79%)
       601,139,038      iTLB-loads                #    0.642 M/sec                    (30.76%)
     2,313,133,272      iTLB-load-misses          #  384.79% of all iTLB cache hits   (30.81%)
   <not supported>      L1-dcache-prefetches                                        
   <not supported>      L1-dcache-prefetch-misses                                   

     332.833832669 seconds time elapsed

     924.229675000 seconds user
     145.465951000 seconds sys




# Run complete. Total time: 00:16:46

REMEMBER: The numbers below are just data. To gain reusable insights, you need to follow up on
why the numbers are the way they are. Use profilers (see -prof, -lprof), design factorial
experiments, perform baseline and negative tests that provide experimental control, make sure
the benchmarking environment is safe on JVM/OS/HW level, ask for reviews from the domain experts.
Do not assume the numbers tell you what you want them to tell.

Benchmark                                                  (threadCount)   Mode  Cnt         Score        Error      Units
SynchronizationBenchmarkTest.testAtomic                                8  thrpt   30  43692079.226 ±  68079.755      ops/s
SynchronizationBenchmarkTest.testAtomic:·async                         8  thrpt                NaN                     ---
SynchronizationBenchmarkTest.testAtomic:·cpi                           8  thrpt             19.040               clks/insn
SynchronizationBenchmarkTest.testAtomic:·ipc                           8  thrpt              0.053               insns/clk
SynchronizationBenchmarkTest.testAtomic:·perf                          8  thrpt                NaN                     ---
SynchronizationBenchmarkTest.testNonVolatileNumber                     8  thrpt   30   8174233.839 ±  57073.967      ops/s
SynchronizationBenchmarkTest.testNonVolatileNumber:·async              8  thrpt                NaN                     ---
SynchronizationBenchmarkTest.testNonVolatileNumber:·cpi                8  thrpt              4.691               clks/insn
SynchronizationBenchmarkTest.testNonVolatileNumber:·ipc                8  thrpt              0.213               insns/clk
SynchronizationBenchmarkTest.testNonVolatileNumber:·perf               8  thrpt                NaN                     ---
SynchronizationBenchmarkTest.testVolatile                              8  thrpt   30   4476834.991 ± 100457.742      ops/s
SynchronizationBenchmarkTest.testVolatile:·async                       8  thrpt                NaN                     ---
SynchronizationBenchmarkTest.testVolatile:·cpi                         8  thrpt              5.295               clks/insn
SynchronizationBenchmarkTest.testVolatile:·ipc                         8  thrpt              0.189               insns/clk
SynchronizationBenchmarkTest.testVolatile:·perf                        8  thrpt                NaN                     ---

Benchmark result is saved to results/result_Java__HotSpot(TM)__64-Bit__Server__VM_17__17__35-LTS-2724_tc8.csv
Tests run: 1, Failures: 0, Errors: 0, Skipped: 0, Time elapsed: 2,021.429 sec

Results :

Tests run: 2, Failures: 0, Errors: 0, Skipped: 0

flamegraphs/
flamegraphs/benchmarks.SynchronizationBenchmarkTest.testAtomic-Throughput-threadCount-1/
flamegraphs/benchmarks.SynchronizationBenchmarkTest.testAtomic-Throughput-threadCount-1/flame-cpu-forward.html
flamegraphs/benchmarks.SynchronizationBenchmarkTest.testNonVolatileNumber-Throughput-threadCount-1/
flamegraphs/benchmarks.SynchronizationBenchmarkTest.testNonVolatileNumber-Throughput-threadCount-1/flame-cpu-forward.html
flamegraphs/benchmarks.SynchronizationBenchmarkTest.testVolatile-Throughput-threadCount-1/
flamegraphs/benchmarks.SynchronizationBenchmarkTest.testVolatile-Throughput-threadCount-1/flame-cpu-forward.html
flamegraphs/benchmarks.SynchronizationBenchmarkTest.testAtomic-Throughput-threadCount-8/
flamegraphs/benchmarks.SynchronizationBenchmarkTest.testAtomic-Throughput-threadCount-8/flame-cpu-forward.html
flamegraphs/benchmarks.SynchronizationBenchmarkTest.testNonVolatileNumber-Throughput-threadCount-8/
flamegraphs/benchmarks.SynchronizationBenchmarkTest.testNonVolatileNumber-Throughput-threadCount-8/flame-cpu-forward.html
flamegraphs/benchmarks.SynchronizationBenchmarkTest.testVolatile-Throughput-threadCount-8/
flamegraphs/benchmarks.SynchronizationBenchmarkTest.testVolatile-Throughput-threadCount-8/flame-cpu-forward.html
index: 5, jdk: jrockit-jdk1.6.0_45-R28.2.7-4.1.0, java_version: 1.6, jmh_version: 1.6.3, use_profiler: false, mvn_path: apache-maven-3.2.5

-------------------------------------------------------
 T E S T S
-------------------------------------------------------
Running benchmarks.SynchronizationBenchmarkTest
WARNING: Not a HotSpot compiler command compatible VM ("Oracle JRockit(R)-1.6"), compilerHints are disabled.
# JMH 1.6.3 (released 2405 days ago, please consider updating!)
# VM invoker: /opt/jrockit-jdk1.6.0_45-R28.2.7-4.1.0/jre/bin/java
# VM options: -Xms10G -Xmx10G -Xgc:parallel
# Warmup: 3 iterations, 10 s each
# Measurement: 30 iterations, 10 s each
# Timeout: 10 min per iteration
# Threads: 1 thread, will synchronize iterations
# Benchmark mode: Throughput, ops/time
# Benchmark: benchmarks.SynchronizationBenchmarkTest.testAtomic
# Parameters: (threadCount = 1)

# Run progress: 0.00% complete, ETA 00:16:30
# Fork: 1 of 1
# Warmup Iteration   1: 111675874.229 ops/s
# Warmup Iteration   2: 115177021.640 ops/s
# Warmup Iteration   3: 114962364.837 ops/s
Iteration   1: 115302107.632 ops/s
Iteration   2: 114831327.868 ops/s
Iteration   3: 115146899.924 ops/s
Iteration   4: 115144056.302 ops/s
Iteration   5: 115180019.047 ops/s
Iteration   6: 114798913.634 ops/s
Iteration   7: 115323432.628 ops/s
Iteration   8: 114877238.074 ops/s
Iteration   9: 115432616.328 ops/s
Iteration  10: 114955280.099 ops/s
Iteration  11: 114713355.269 ops/s
Iteration  12: 114918171.521 ops/s
Iteration  13: 114911585.819 ops/s
Iteration  14: 116153737.433 ops/s
Iteration  15: 115367221.588 ops/s
Iteration  16: 115218060.407 ops/s
Iteration  17: 114737578.654 ops/s
Iteration  18: 114537177.256 ops/s
Iteration  19: 114849562.976 ops/s
Iteration  20: 115068251.506 ops/s
Iteration  21: 115243288.906 ops/s
Iteration  22: 114760277.374 ops/s
Iteration  23: 114786564.489 ops/s
Iteration  24: 114974370.826 ops/s
Iteration  25: 114928403.993 ops/s
Iteration  26: 114920366.621 ops/s
Iteration  27: 114618142.851 ops/s
Iteration  28: 114926016.407 ops/s
Iteration  29: 115059697.402 ops/s
Iteration  30: 115445147.332 ops/s


Result: 115037629.006 ±(99.9%) 213058.521 ops/s [Average]
  Statistics: (min, avg, max) = (114537177.256, 115037629.006, 116153737.433), stdev = 318895.988
  Confidence interval (99.9%): [114824570.485, 115250687.526]


WARNING: Not a HotSpot compiler command compatible VM ("Oracle JRockit(R)-1.6"), compilerHints are disabled.
# JMH 1.6.3 (released 2405 days ago, please consider updating!)
# VM invoker: /opt/jrockit-jdk1.6.0_45-R28.2.7-4.1.0/jre/bin/java
# VM options: -Xms10G -Xmx10G -Xgc:parallel
# Warmup: 3 iterations, 10 s each
# Measurement: 30 iterations, 10 s each
# Timeout: 10 min per iteration
# Threads: 1 thread, will synchronize iterations
# Benchmark mode: Throughput, ops/time
# Benchmark: benchmarks.SynchronizationBenchmarkTest.testNonVolatileNumber
# Parameters: (threadCount = 1)

# Run progress: 33.33% complete, ETA 00:11:01
# Fork: 1 of 1
# Warmup Iteration   1: 263214540.003 ops/s
# Warmup Iteration   2: 379222828.861 ops/s
# Warmup Iteration   3: 381625324.305 ops/s
Iteration   1: 382416001.713 ops/s
Iteration   2: 381895741.447 ops/s
Iteration   3: 382220709.197 ops/s
Iteration   4: 382022186.636 ops/s
Iteration   5: 382383732.168 ops/s
Iteration   6: 382102760.132 ops/s
Iteration   7: 381294839.127 ops/s
Iteration   8: 379473072.450 ops/s
Iteration   9: 381211867.852 ops/s
Iteration  10: 381397243.340 ops/s
Iteration  11: 381099312.727 ops/s
Iteration  12: 381321143.650 ops/s
Iteration  13: 378661448.239 ops/s
Iteration  14: 378378015.755 ops/s
Iteration  15: 407989293.005 ops/s
Iteration  16: 409919179.870 ops/s
Iteration  17: 408677165.887 ops/s
Iteration  18: 411333358.016 ops/s
Iteration  19: 408034804.432 ops/s
Iteration  20: 409413050.360 ops/s
Iteration  21: 407607870.766 ops/s
Iteration  22: 408371110.461 ops/s
Iteration  23: 408830359.515 ops/s
Iteration  24: 408938663.561 ops/s
Iteration  25: 408835599.634 ops/s
Iteration  26: 409391612.500 ops/s
Iteration  27: 409709930.784 ops/s
Iteration  28: 408098930.420 ops/s
Iteration  29: 410785292.670 ops/s
Iteration  30: 408300343.743 ops/s


Result: 396003821.335 ±(99.9%) 9483840.471 ops/s [Average]
  Statistics: (min, avg, max) = (378378015.755, 396003821.335, 411333358.016), stdev = 14194967.024
  Confidence interval (99.9%): [386519980.864, 405487661.806]


WARNING: Not a HotSpot compiler command compatible VM ("Oracle JRockit(R)-1.6"), compilerHints are disabled.
# JMH 1.6.3 (released 2405 days ago, please consider updating!)
# VM invoker: /opt/jrockit-jdk1.6.0_45-R28.2.7-4.1.0/jre/bin/java
# VM options: -Xms10G -Xmx10G -Xgc:parallel
# Warmup: 3 iterations, 10 s each
# Measurement: 30 iterations, 10 s each
# Timeout: 10 min per iteration
# Threads: 1 thread, will synchronize iterations
# Benchmark mode: Throughput, ops/time
# Benchmark: benchmarks.SynchronizationBenchmarkTest.testVolatile
# Parameters: (threadCount = 1)

# Run progress: 66.67% complete, ETA 00:05:31
# Fork: 1 of 1
# Warmup Iteration   1: 100735460.327 ops/s
# Warmup Iteration   2: 147596951.529 ops/s
# Warmup Iteration   3: 147297344.605 ops/s
Iteration   1: 146747467.918 ops/s
Iteration   2: 147555732.097 ops/s
Iteration   3: 146998795.345 ops/s
Iteration   4: 146926700.490 ops/s
Iteration   5: 146931607.064 ops/s
Iteration   6: 147230843.748 ops/s
Iteration   7: 148124693.939 ops/s
Iteration   8: 147740494.498 ops/s
Iteration   9: 146634509.833 ops/s
Iteration  10: 147389204.656 ops/s
Iteration  11: 147620594.638 ops/s
Iteration  12: 146648225.364 ops/s
Iteration  13: 146853275.534 ops/s
Iteration  14: 147048626.840 ops/s
Iteration  15: 147061650.985 ops/s
Iteration  16: 146818430.410 ops/s
Iteration  17: 146863917.267 ops/s
Iteration  18: 147303351.304 ops/s
Iteration  19: 147407537.166 ops/s
Iteration  20: 147603484.416 ops/s
Iteration  21: 147215093.218 ops/s
Iteration  22: 147135993.537 ops/s
Iteration  23: 146937821.286 ops/s
Iteration  24: 146939012.296 ops/s
Iteration  25: 146856449.123 ops/s
Iteration  26: 147396223.940 ops/s
Iteration  27: 147333490.900 ops/s
Iteration  28: 147936682.919 ops/s
Iteration  29: 147460751.728 ops/s
Iteration  30: 147289838.852 ops/s


Result: 147200350.044 ±(99.9%) 250454.886 ops/s [Average]
  Statistics: (min, avg, max) = (146634509.833, 147200350.044, 148124693.939), stdev = 374869.112
  Confidence interval (99.9%): [146949895.157, 147450804.930]


# Run complete. Total time: 00:16:32

Benchmark                                           (threadCount)   Mode  Cnt          Score         Error  Units
SynchronizationBenchmarkTest.testAtomic                         1  thrpt   30  115037629.006 ±  213058.521  ops/s
SynchronizationBenchmarkTest.testNonVolatileNumber              1  thrpt   30  396003821.335 ± 9483840.471  ops/s
SynchronizationBenchmarkTest.testVolatile                       1  thrpt   30  147200350.044 ±  250454.886  ops/s

Benchmark result is saved to results/result_Oracle__JRockit(R)_1.6__1.6.0_45-b06_tc1.csv
WARNING: Not a HotSpot compiler command compatible VM ("Oracle JRockit(R)-1.6"), compilerHints are disabled.
# JMH 1.6.3 (released 2405 days ago, please consider updating!)
# VM invoker: /opt/jrockit-jdk1.6.0_45-R28.2.7-4.1.0/jre/bin/java
# VM options: -Xms10G -Xmx10G -Xgc:parallel
# Warmup: 3 iterations, 10 s each
# Measurement: 30 iterations, 10 s each
# Timeout: 10 min per iteration
# Threads: 8 threads, will synchronize iterations
# Benchmark mode: Throughput, ops/time
# Benchmark: benchmarks.SynchronizationBenchmarkTest.testAtomic
# Parameters: (threadCount = 8)

# Run progress: 0.00% complete, ETA 00:16:30
# Fork: 1 of 1
# Warmup Iteration   1: 15178317.388 ops/s
# Warmup Iteration   2: 14516962.854 ops/s
# Warmup Iteration   3: 14523960.902 ops/s
Iteration   1: 14886350.310 ops/s
Iteration   2: 14888386.240 ops/s
Iteration   3: 14883137.550 ops/s
Iteration   4: 14884297.348 ops/s
Iteration   5: 14888485.163 ops/s
Iteration   6: 14868540.748 ops/s
Iteration   7: 14894259.278 ops/s
Iteration   8: 14871770.431 ops/s
Iteration   9: 14875269.080 ops/s
Iteration  10: 14881822.342 ops/s
Iteration  11: 14875295.635 ops/s
Iteration  12: 14867644.000 ops/s
Iteration  13: 14874605.548 ops/s
Iteration  14: 14868896.575 ops/s
Iteration  15: 14879681.536 ops/s
Iteration  16: 14889710.626 ops/s
Iteration  17: 14871151.502 ops/s
Iteration  18: 14867459.486 ops/s
Iteration  19: 14871350.933 ops/s
Iteration  20: 14869410.148 ops/s
Iteration  21: 14872986.316 ops/s
Iteration  22: 14872266.607 ops/s
Iteration  23: 14875581.983 ops/s
Iteration  24: 14875965.021 ops/s
Iteration  25: 14874903.775 ops/s
Iteration  26: 14875059.513 ops/s
Iteration  27: 14879557.745 ops/s
Iteration  28: 14875070.505 ops/s
Iteration  29: 14874081.937 ops/s
Iteration  30: 14871672.557 ops/s


Result: 14876822.348 ±(99.9%) 4811.837 ops/s [Average]
  Statistics: (min, avg, max) = (14867459.486, 14876822.348, 14894259.278), stdev = 7202.131
  Confidence interval (99.9%): [14872010.511, 14881634.185]


WARNING: Not a HotSpot compiler command compatible VM ("Oracle JRockit(R)-1.6"), compilerHints are disabled.
# JMH 1.6.3 (released 2405 days ago, please consider updating!)
# VM invoker: /opt/jrockit-jdk1.6.0_45-R28.2.7-4.1.0/jre/bin/java
# VM options: -Xms10G -Xmx10G -Xgc:parallel
# Warmup: 3 iterations, 10 s each
# Measurement: 30 iterations, 10 s each
# Timeout: 10 min per iteration
# Threads: 8 threads, will synchronize iterations
# Benchmark mode: Throughput, ops/time
# Benchmark: benchmarks.SynchronizationBenchmarkTest.testNonVolatileNumber
# Parameters: (threadCount = 8)

# Run progress: 33.33% complete, ETA 00:11:01
# Fork: 1 of 1
# Warmup Iteration   1: 10238559.280 ops/s
# Warmup Iteration   2: 9161568.690 ops/s
# Warmup Iteration   3: 8915658.716 ops/s
Iteration   1: 8916211.084 ops/s
Iteration   2: 8916834.907 ops/s
Iteration   3: 9028486.007 ops/s
Iteration   4: 9470234.536 ops/s
Iteration   5: 9514687.151 ops/s
Iteration   6: 9455344.241 ops/s
Iteration   7: 9458948.690 ops/s
Iteration   8: 9430151.527 ops/s
Iteration   9: 9445876.094 ops/s
Iteration  10: 9457152.900 ops/s
Iteration  11: 9443997.216 ops/s
Iteration  12: 9198403.868 ops/s
Iteration  13: 9129727.048 ops/s
Iteration  14: 9129806.901 ops/s
Iteration  15: 9121810.488 ops/s
Iteration  16: 9119610.689 ops/s
Iteration  17: 9134207.977 ops/s
Iteration  18: 9123504.802 ops/s
Iteration  19: 9140072.113 ops/s
Iteration  20: 9150285.802 ops/s
Iteration  21: 9141227.241 ops/s
Iteration  22: 9109270.146 ops/s
Iteration  23: 9125151.190 ops/s
Iteration  24: 9129812.200 ops/s
Iteration  25: 9179551.438 ops/s
Iteration  26: 9156184.890 ops/s
Iteration  27: 9134735.579 ops/s
Iteration  28: 9134757.723 ops/s
Iteration  29: 9129312.293 ops/s
Iteration  30: 9150722.925 ops/s


Result: 9205869.322 ±(99.9%) 111774.615 ops/s [Average]
  Statistics: (min, avg, max) = (8916211.084, 9205869.322, 9514687.151), stdev = 167298.995
  Confidence interval (99.9%): [9094094.707, 9317643.938]


WARNING: Not a HotSpot compiler command compatible VM ("Oracle JRockit(R)-1.6"), compilerHints are disabled.
# JMH 1.6.3 (released 2405 days ago, please consider updating!)
# VM invoker: /opt/jrockit-jdk1.6.0_45-R28.2.7-4.1.0/jre/bin/java
# VM options: -Xms10G -Xmx10G -Xgc:parallel
# Warmup: 3 iterations, 10 s each
# Measurement: 30 iterations, 10 s each
# Timeout: 10 min per iteration
# Threads: 8 threads, will synchronize iterations
# Benchmark mode: Throughput, ops/time
# Benchmark: benchmarks.SynchronizationBenchmarkTest.testVolatile
# Parameters: (threadCount = 8)

# Run progress: 66.67% complete, ETA 00:05:30
# Fork: 1 of 1
# Warmup Iteration   1: 8127784.080 ops/s
# Warmup Iteration   2: 7683591.611 ops/s
# Warmup Iteration   3: 7701491.998 ops/s
Iteration   1: 7343373.770 ops/s
Iteration   2: 7345662.117 ops/s
Iteration   3: 7348947.567 ops/s
Iteration   4: 7350712.377 ops/s
Iteration   5: 7347823.826 ops/s
Iteration   6: 7342306.781 ops/s
Iteration   7: 7362395.387 ops/s
Iteration   8: 7365337.955 ops/s
Iteration   9: 7365702.989 ops/s
Iteration  10: 7348129.540 ops/s
Iteration  11: 7351979.270 ops/s
Iteration  12: 7365458.888 ops/s
Iteration  13: 7335790.859 ops/s
Iteration  14: 7360727.973 ops/s
Iteration  15: 7391350.751 ops/s
Iteration  16: 7372189.597 ops/s
Iteration  17: 7379339.724 ops/s
Iteration  18: 7380528.442 ops/s
Iteration  19: 7395274.235 ops/s
Iteration  20: 7407643.244 ops/s
Iteration  21: 7388233.442 ops/s
Iteration  22: 7405050.581 ops/s
Iteration  23: 7395521.351 ops/s
Iteration  24: 7389790.979 ops/s
Iteration  25: 7405588.662 ops/s
Iteration  26: 7385459.679 ops/s
Iteration  27: 7403105.318 ops/s
Iteration  28: 7413530.825 ops/s
Iteration  29: 7416570.218 ops/s
Iteration  30: 7431118.510 ops/s


Result: 7376488.162 ±(99.9%) 17549.682 ops/s [Average]
  Statistics: (min, avg, max) = (7335790.859, 7376488.162, 7431118.510), stdev = 26267.539
  Confidence interval (99.9%): [7358938.480, 7394037.844]


# Run complete. Total time: 00:16:32

Benchmark                                           (threadCount)   Mode  Cnt         Score        Error  Units
SynchronizationBenchmarkTest.testAtomic                         8  thrpt   30  14876822.348 ±   4811.837  ops/s
SynchronizationBenchmarkTest.testNonVolatileNumber              8  thrpt   30   9205869.322 ± 111774.615  ops/s
SynchronizationBenchmarkTest.testVolatile                       8  thrpt   30   7376488.162 ±  17549.682  ops/s

Benchmark result is saved to results/result_Oracle__JRockit(R)_1.6__1.6.0_45-b06_tc8.csv


